{"/Users/personal/Code/BoltAI/boilerplates/saas/portal-mobile/components/ui/Badge.tsx": {"path":"/Users/personal/Code/BoltAI/boilerplates/saas/portal-mobile/components/ui/Badge.tsx","statementMap":{"0":{"start":{"line":12,"column":20},"end":{"line":12,"column":33}},"1":{"start":{"line":15,"column":4},"end":{"line":17,"column":26}},"2":{"start":{"line":20,"column":4},"end":{"line":22,"column":36}},"3":{"start":{"line":24,"column":2},"end":{"line":30,"column":4}},"4":{"start":{"line":33,"column":15},"end":{"line":38,"column":2}}},"fnMap":{"0":{"name":"Badge","decl":{"start":{"line":11,"column":16},"end":{"line":11,"column":21}},"loc":{"start":{"line":11,"column":66},"end":{"line":31,"column":1}},"line":11}},"branchMap":{"0":{"loc":{"start":{"line":11,"column":31},"end":{"line":11,"column":50}},"type":"default-arg","locations":[{"start":{"line":11,"column":41},"end":{"line":11,"column":50}}],"line":11},"1":{"loc":{"start":{"line":15,"column":4},"end":{"line":17,"column":26}},"type":"cond-expr","locations":[{"start":{"line":16,"column":8},"end":{"line":16,"column":39}},{"start":{"line":17,"column":8},"end":{"line":17,"column":26}}],"line":15},"2":{"loc":{"start":{"line":20,"column":4},"end":{"line":22,"column":36}},"type":"cond-expr","locations":[{"start":{"line":21,"column":8},"end":{"line":21,"column":32}},{"start":{"line":22,"column":8},"end":{"line":22,"column":36}}],"line":20}},"s":{"0":0,"1":0,"2":0,"3":0,"4":0},"f":{"0":0},"b":{"0":[0],"1":[0,0],"2":[0,0]}}
,"/Users/personal/Code/BoltAI/boilerplates/saas/portal-mobile/components/ui/Button.tsx": {"path":"/Users/personal/Code/BoltAI/boilerplates/saas/portal-mobile/components/ui/Button.tsx","statementMap":{"0":{"start":{"line":28,"column":28},"end":{"line":28,"column":33}},"1":{"start":{"line":29,"column":26},"end":{"line":33,"column":3}},"2":{"start":{"line":35,"column":2},"end":{"line":66,"column":3}},"3":{"start":{"line":37,"column":6},"end":{"line":40,"column":8}},"4":{"start":{"line":42,"column":6},"end":{"line":45,"column":8}},"5":{"start":{"line":47,"column":6},"end":{"line":50,"column":8}},"6":{"start":{"line":52,"column":6},"end":{"line":60,"column":8}},"7":{"start":{"line":62,"column":6},"end":{"line":65,"column":8}},"8":{"start":{"line":70,"column":2},"end":{"line":86,"column":3}},"9":{"start":{"line":72,"column":6},"end":{"line":75,"column":8}},"10":{"start":{"line":77,"column":6},"end":{"line":80,"column":8}},"11":{"start":{"line":82,"column":6},"end":{"line":85,"column":8}},"12":{"start":{"line":98,"column":20},"end":{"line":98,"column":33}},"13":{"start":{"line":99,"column":24},"end":{"line":99,"column":56}},"14":{"start":{"line":100,"column":21},"end":{"line":100,"column":40}},"15":{"start":{"line":101,"column":21},"end":{"line":101,"column":40}},"16":{"start":{"line":103,"column":2},"end":{"line":129,"column":4}},"17":{"start":{"line":106,"column":24},"end":{"line":113,"column":7}}},"fnMap":{"0":{"name":"getVariantStyles","decl":{"start":{"line":24,"column":9},"end":{"line":24,"column":25}},"loc":{"start":{"line":27,"column":45},"end":{"line":67,"column":1}},"line":27},"1":{"name":"getSizeStyles","decl":{"start":{"line":69,"column":9},"end":{"line":69,"column":22}},"loc":{"start":{"line":69,"column":84},"end":{"line":87,"column":1}},"line":69},"2":{"name":"Button","decl":{"start":{"line":89,"column":16},"end":{"line":89,"column":22}},"loc":{"start":{"line":97,"column":16},"end":{"line":130,"column":1}},"line":97},"3":{"name":"(anonymous_3)","decl":{"start":{"line":106,"column":13},"end":{"line":106,"column":14}},"loc":{"start":{"line":106,"column":24},"end":{"line":113,"column":7}},"line":106}},"branchMap":{"0":{"loc":{"start":{"line":35,"column":2},"end":{"line":66,"column":3}},"type":"switch","locations":[{"start":{"line":36,"column":4},"end":{"line":40,"column":8}},{"start":{"line":41,"column":4},"end":{"line":45,"column":8}},{"start":{"line":46,"column":4},"end":{"line":50,"column":8}},{"start":{"line":51,"column":4},"end":{"line":60,"column":8}},{"start":{"line":61,"column":4},"end":{"line":65,"column":8}}],"line":35},"1":{"loc":{"start":{"line":70,"column":2},"end":{"line":86,"column":3}},"type":"switch","locations":[{"start":{"line":71,"column":4},"end":{"line":75,"column":8}},{"start":{"line":76,"column":4},"end":{"line":80,"column":8}},{"start":{"line":81,"column":4},"end":{"line":85,"column":8}}],"line":70},"2":{"loc":{"start":{"line":90,"column":2},"end":{"line":90,"column":21}},"type":"default-arg","locations":[{"start":{"line":90,"column":12},"end":{"line":90,"column":21}}],"line":90},"3":{"loc":{"start":{"line":91,"column":2},"end":{"line":91,"column":18}},"type":"default-arg","locations":[{"start":{"line":91,"column":9},"end":{"line":91,"column":18}}],"line":91},"4":{"loc":{"start":{"line":92,"column":2},"end":{"line":92,"column":17}},"type":"default-arg","locations":[{"start":{"line":92,"column":12},"end":{"line":92,"column":17}}],"line":92},"5":{"loc":{"start":{"line":101,"column":21},"end":{"line":101,"column":40}},"type":"binary-expr","locations":[{"start":{"line":101,"column":21},"end":{"line":101,"column":29}},{"start":{"line":101,"column":33},"end":{"line":101,"column":40}}],"line":101},"6":{"loc":{"start":{"line":110,"column":8},"end":{"line":110,"column":38}},"type":"binary-expr","locations":[{"start":{"line":110,"column":8},"end":{"line":110,"column":18}},{"start":{"line":110,"column":22},"end":{"line":110,"column":38}}],"line":110},"7":{"loc":{"start":{"line":111,"column":8},"end":{"line":111,"column":66}},"type":"binary-expr","locations":[{"start":{"line":111,"column":8},"end":{"line":111,"column":29}},{"start":{"line":111,"column":33},"end":{"line":111,"column":46}},{"start":{"line":111,"column":50},"end":{"line":111,"column":66}}],"line":111},"8":{"loc":{"start":{"line":112,"column":8},"end":{"line":112,"column":58}},"type":"cond-expr","locations":[{"start":{"line":112,"column":38},"end":{"line":112,"column":50}},{"start":{"line":112,"column":53},"end":{"line":112,"column":58}}],"line":112},"9":{"loc":{"start":{"line":115,"column":8},"end":{"line":115,"column":89}},"type":"cond-expr","locations":[{"start":{"line":115,"column":30},"end":{"line":115,"column":77}},{"start":{"line":115,"column":80},"end":{"line":115,"column":89}}],"line":115},"10":{"loc":{"start":{"line":119,"column":7},"end":{"line":127,"column":7}},"type":"cond-expr","locations":[{"start":{"line":120,"column":8},"end":{"line":120,"column":85}},{"start":{"line":121,"column":10},"end":{"line":127,"column":7}}],"line":119},"11":{"loc":{"start":{"line":121,"column":10},"end":{"line":127,"column":7}},"type":"cond-expr","locations":[{"start":{"line":122,"column":8},"end":{"line":124,"column":15}},{"start":{"line":126,"column":8},"end":{"line":126,"column":16}}],"line":121}},"s":{"0":10,"1":10,"2":10,"3":7,"4":0,"5":1,"6":1,"7":1,"8":10,"9":1,"10":8,"11":1,"12":10,"13":10,"14":10,"15":10,"16":10,"17":10},"f":{"0":10,"1":10,"2":10,"3":10},"b":{"0":[7,0,1,1,1],"1":[1,8,1],"2":[7],"3":[8],"4":[8],"5":[10,9],"6":[10,3],"7":[10,10,0],"8":[0,10],"9":[9,1],"10":[2,8],"11":[8,0]},"_coverageSchema":"1a1c01bbd47fc00a2c39e90264f33305004495a9","hash":"2cae73086862ab4be787bddbce592caedf8f5590"}
,"/Users/personal/Code/BoltAI/boilerplates/saas/portal-mobile/components/ui/Card.tsx": {"path":"/Users/personal/Code/BoltAI/boilerplates/saas/portal-mobile/components/ui/Card.tsx","statementMap":{"0":{"start":{"line":7,"column":2},"end":{"line":7,"column":69}},"1":{"start":{"line":7,"column":57},"end":{"line":7,"column":69}},"2":{"start":{"line":8,"column":2},"end":{"line":8,"column":80}},"3":{"start":{"line":8,"column":68},"end":{"line":8,"column":80}},"4":{"start":{"line":9,"column":2},"end":{"line":9,"column":68}},"5":{"start":{"line":9,"column":31},"end":{"line":9,"column":68}},"6":{"start":{"line":10,"column":2},"end":{"line":10,"column":15}},"7":{"start":{"line":14,"column":20},"end":{"line":14,"column":33}},"8":{"start":{"line":16,"column":2},"end":{"line":32,"column":4}},"9":{"start":{"line":36,"column":20},"end":{"line":36,"column":33}},"10":{"start":{"line":37,"column":2},"end":{"line":37,"column":109}},"11":{"start":{"line":45,"column":2},"end":{"line":53,"column":4}},"12":{"start":{"line":57,"column":20},"end":{"line":57,"column":33}},"13":{"start":{"line":59,"column":2},"end":{"line":67,"column":4}},"14":{"start":{"line":71,"column":20},"end":{"line":71,"column":33}},"15":{"start":{"line":72,"column":2},"end":{"line":72,"column":86}},"16":{"start":{"line":76,"column":20},"end":{"line":76,"column":33}},"17":{"start":{"line":77,"column":2},"end":{"line":82,"column":4}}},"fnMap":{"0":{"name":"isTextContent","decl":{"start":{"line":6,"column":9},"end":{"line":6,"column":22}},"loc":{"start":{"line":6,"column":59},"end":{"line":11,"column":1}},"line":6},"1":{"name":"Card","decl":{"start":{"line":13,"column":16},"end":{"line":13,"column":20}},"loc":{"start":{"line":13,"column":53},"end":{"line":33,"column":1}},"line":13},"2":{"name":"CardHeader","decl":{"start":{"line":35,"column":16},"end":{"line":35,"column":26}},"loc":{"start":{"line":35,"column":59},"end":{"line":38,"column":1}},"line":35},"3":{"name":"CardTitle","decl":{"start":{"line":44,"column":16},"end":{"line":44,"column":25}},"loc":{"start":{"line":44,"column":72},"end":{"line":54,"column":1}},"line":44},"4":{"name":"CardDescription","decl":{"start":{"line":56,"column":16},"end":{"line":56,"column":31}},"loc":{"start":{"line":56,"column":78},"end":{"line":68,"column":1}},"line":56},"5":{"name":"CardContent","decl":{"start":{"line":70,"column":16},"end":{"line":70,"column":27}},"loc":{"start":{"line":70,"column":60},"end":{"line":73,"column":1}},"line":70},"6":{"name":"CardFooter","decl":{"start":{"line":75,"column":16},"end":{"line":75,"column":26}},"loc":{"start":{"line":75,"column":59},"end":{"line":83,"column":1}},"line":75}},"branchMap":{"0":{"loc":{"start":{"line":7,"column":2},"end":{"line":7,"column":69}},"type":"if","locations":[{"start":{"line":7,"column":2},"end":{"line":7,"column":69}},{"start":{},"end":{}}],"line":7},"1":{"loc":{"start":{"line":7,"column":6},"end":{"line":7,"column":55}},"type":"binary-expr","locations":[{"start":{"line":7,"column":6},"end":{"line":7,"column":22}},{"start":{"line":7,"column":26},"end":{"line":7,"column":55}}],"line":7},"2":{"loc":{"start":{"line":8,"column":2},"end":{"line":8,"column":80}},"type":"if","locations":[{"start":{"line":8,"column":2},"end":{"line":8,"column":80}},{"start":{},"end":{}}],"line":8},"3":{"loc":{"start":{"line":8,"column":6},"end":{"line":8,"column":66}},"type":"binary-expr","locations":[{"start":{"line":8,"column":6},"end":{"line":8,"column":34}},{"start":{"line":8,"column":38},"end":{"line":8,"column":66}}],"line":8},"4":{"loc":{"start":{"line":9,"column":2},"end":{"line":9,"column":68}},"type":"if","locations":[{"start":{"line":9,"column":2},"end":{"line":9,"column":68}},{"start":{},"end":{}}],"line":9},"5":{"loc":{"start":{"line":45,"column":9},"end":{"line":53,"column":3}},"type":"cond-expr","locations":[{"start":{"line":46,"column":4},"end":{"line":48,"column":11}},{"start":{"line":50,"column":4},"end":{"line":52,"column":11}}],"line":45},"6":{"loc":{"start":{"line":59,"column":9},"end":{"line":67,"column":3}},"type":"cond-expr","locations":[{"start":{"line":60,"column":4},"end":{"line":62,"column":11}},{"start":{"line":64,"column":4},"end":{"line":66,"column":11}}],"line":59}},"s":{"0":0,"1":0,"2":0,"3":0,"4":0,"5":0,"6":0,"7":0,"8":0,"9":0,"10":0,"11":0,"12":0,"13":0,"14":0,"15":0,"16":0,"17":0},"f":{"0":0,"1":0,"2":0,"3":0,"4":0,"5":0,"6":0},"b":{"0":[0,0],"1":[0,0],"2":[0,0],"3":[0,0],"4":[0,0],"5":[0,0],"6":[0,0]}}
,"/Users/personal/Code/BoltAI/boilerplates/saas/portal-mobile/components/ui/Input.tsx": {"path":"/Users/personal/Code/BoltAI/boilerplates/saas/portal-mobile/components/ui/Input.tsx","statementMap":{"0":{"start":{"line":10,"column":20},"end":{"line":10,"column":33}},"1":{"start":{"line":11,"column":32},"end":{"line":11,"column":47}},"2":{"start":{"line":12,"column":28},"end":{"line":12,"column":33}},"3":{"start":{"line":14,"column":22},"end":{"line":18,"column":20}},"4":{"start":{"line":20,"column":2},"end":{"line":53,"column":4}},"5":{"start":{"line":25,"column":8},"end":{"line":25,"column":25}},"6":{"start":{"line":26,"column":8},"end":{"line":26,"column":21}},"7":{"start":{"line":29,"column":8},"end":{"line":29,"column":26}},"8":{"start":{"line":30,"column":8},"end":{"line":30,"column":20}}},"fnMap":{"0":{"name":"Input","decl":{"start":{"line":9,"column":16},"end":{"line":9,"column":21}},"loc":{"start":{"line":9,"column":79},"end":{"line":54,"column":1}},"line":9},"1":{"name":"(anonymous_1)","decl":{"start":{"line":24,"column":15},"end":{"line":24,"column":16}},"loc":{"start":{"line":24,"column":22},"end":{"line":27,"column":7}},"line":24},"2":{"name":"(anonymous_2)","decl":{"start":{"line":28,"column":14},"end":{"line":28,"column":15}},"loc":{"start":{"line":28,"column":21},"end":{"line":31,"column":7}},"line":28}},"branchMap":{"0":{"loc":{"start":{"line":14,"column":22},"end":{"line":18,"column":20}},"type":"cond-expr","locations":[{"start":{"line":15,"column":6},"end":{"line":15,"column":24}},{"start":{"line":16,"column":6},"end":{"line":18,"column":20}}],"line":14},"1":{"loc":{"start":{"line":16,"column":6},"end":{"line":18,"column":20}},"type":"cond-expr","locations":[{"start":{"line":17,"column":8},"end":{"line":17,"column":19}},{"start":{"line":18,"column":8},"end":{"line":18,"column":20}}],"line":16},"2":{"loc":{"start":{"line":43,"column":8},"end":{"line":47,"column":9}},"type":"binary-expr","locations":[{"start":{"line":43,"column":8},"end":{"line":43,"column":15}},{"start":{"line":43,"column":19},"end":{"line":47,"column":9}}],"line":43},"3":{"loc":{"start":{"line":48,"column":8},"end":{"line":48,"column":59}},"type":"binary-expr","locations":[{"start":{"line":48,"column":8},"end":{"line":48,"column":33}},{"start":{"line":48,"column":37},"end":{"line":48,"column":59}}],"line":48}},"s":{"0":0,"1":0,"2":0,"3":0,"4":0,"5":0,"6":0,"7":0,"8":0},"f":{"0":0,"1":0,"2":0},"b":{"0":[0,0],"1":[0,0],"2":[0,0],"3":[0,0]}}
,"/Users/personal/Code/BoltAI/boilerplates/saas/portal-mobile/components/ui/Label.tsx": {"path":"/Users/personal/Code/BoltAI/boilerplates/saas/portal-mobile/components/ui/Label.tsx","statementMap":{"0":{"start":{"line":11,"column":2},"end":{"line":13,"column":4}}},"fnMap":{"0":{"name":"Label","decl":{"start":{"line":10,"column":16},"end":{"line":10,"column":21}},"loc":{"start":{"line":10,"column":65},"end":{"line":14,"column":1}},"line":10}},"branchMap":{"0":{"loc":{"start":{"line":12,"column":34},"end":{"line":12,"column":62}},"type":"binary-expr","locations":[{"start":{"line":12,"column":34},"end":{"line":12,"column":42}},{"start":{"line":12,"column":46},"end":{"line":12,"column":62}}],"line":12}},"s":{"0":0},"f":{"0":0},"b":{"0":[0,0]}}
,"/Users/personal/Code/BoltAI/boilerplates/saas/portal-mobile/components/ui/OptionSheet.tsx": {"path":"/Users/personal/Code/BoltAI/boilerplates/saas/portal-mobile/components/ui/OptionSheet.tsx","statementMap":{"0":{"start":{"line":27,"column":20},"end":{"line":27,"column":33}},"1":{"start":{"line":28,"column":17},"end":{"line":28,"column":36}},"2":{"start":{"line":30,"column":2},"end":{"line":111,"column":4}},"3":{"start":{"line":49,"column":43},"end":{"line":49,"column":47}},"4":{"start":{"line":66,"column":33},"end":{"line":66,"column":63}},"5":{"start":{"line":67,"column":14},"end":{"line":105,"column":16}},"6":{"start":{"line":71,"column":20},"end":{"line":71,"column":43}},"7":{"start":{"line":72,"column":20},"end":{"line":72,"column":30}},"8":{"start":{"line":74,"column":42},"end":{"line":85,"column":19}},"9":{"start":{"line":114,"column":15},"end":{"line":143,"column":2}}},"fnMap":{"0":{"name":"OptionSheet","decl":{"start":{"line":19,"column":16},"end":{"line":19,"column":27}},"loc":{"start":{"line":26,"column":24},"end":{"line":112,"column":1}},"line":26},"1":{"name":"(anonymous_1)","decl":{"start":{"line":49,"column":37},"end":{"line":49,"column":38}},"loc":{"start":{"line":49,"column":43},"end":{"line":49,"column":47}},"line":49},"2":{"name":"(anonymous_2)","decl":{"start":{"line":65,"column":25},"end":{"line":65,"column":26}},"loc":{"start":{"line":65,"column":44},"end":{"line":106,"column":13}},"line":65},"3":{"name":"(anonymous_3)","decl":{"start":{"line":70,"column":27},"end":{"line":70,"column":28}},"loc":{"start":{"line":70,"column":33},"end":{"line":73,"column":19}},"line":70},"4":{"name":"(anonymous_4)","decl":{"start":{"line":74,"column":25},"end":{"line":74,"column":26}},"loc":{"start":{"line":74,"column":42},"end":{"line":85,"column":19}},"line":74}},"branchMap":{"0":{"loc":{"start":{"line":80,"column":20},"end":{"line":82,"column":21}},"type":"binary-expr","locations":[{"start":{"line":80,"column":20},"end":{"line":80,"column":30}},{"start":{"line":80,"column":34},"end":{"line":82,"column":21}}],"line":80},"1":{"loc":{"start":{"line":83,"column":20},"end":{"line":83,"column":47}},"type":"binary-expr","locations":[{"start":{"line":83,"column":20},"end":{"line":83,"column":27}},{"start":{"line":83,"column":31},"end":{"line":83,"column":47}}],"line":83},"2":{"loc":{"start":{"line":84,"column":20},"end":{"line":84,"column":69}},"type":"binary-expr","locations":[{"start":{"line":84,"column":20},"end":{"line":84,"column":46}},{"start":{"line":84,"column":50},"end":{"line":84,"column":69}}],"line":84},"3":{"loc":{"start":{"line":90,"column":22},"end":{"line":92,"column":49}},"type":"cond-expr","locations":[{"start":{"line":91,"column":26},"end":{"line":91,"column":46}},{"start":{"line":92,"column":26},"end":{"line":92,"column":49}}],"line":90},"4":{"loc":{"start":{"line":97,"column":19},"end":{"line":103,"column":19}},"type":"binary-expr","locations":[{"start":{"line":97,"column":19},"end":{"line":97,"column":29}},{"start":{"line":98,"column":20},"end":{"line":102,"column":22}}],"line":97}},"s":{"0":0,"1":0,"2":0,"3":0,"4":0,"5":0,"6":0,"7":0,"8":0,"9":0},"f":{"0":0,"1":0,"2":0,"3":0,"4":0},"b":{"0":[0,0],"1":[0,0],"2":[0,0],"3":[0,0],"4":[0,0]}}
,"/Users/personal/Code/BoltAI/boilerplates/saas/portal-mobile/components/ui/Text.tsx": {"path":"/Users/personal/Code/BoltAI/boilerplates/saas/portal-mobile/components/ui/Text.tsx","statementMap":{"0":{"start":{"line":12,"column":20},"end":{"line":12,"column":33}},"1":{"start":{"line":13,"column":17},"end":{"line":13,"column":36}},"2":{"start":{"line":15,"column":2},"end":{"line":29,"column":4}}},"fnMap":{"0":{"name":"Text","decl":{"start":{"line":11,"column":16},"end":{"line":11,"column":20}},"loc":{"start":{"line":11,"column":78},"end":{"line":30,"column":1}},"line":11}},"branchMap":{"0":{"loc":{"start":{"line":11,"column":23},"end":{"line":11,"column":39}},"type":"default-arg","locations":[{"start":{"line":11,"column":33},"end":{"line":11,"column":39}}],"line":11},"1":{"loc":{"start":{"line":19,"column":17},"end":{"line":19,"column":49}},"type":"binary-expr","locations":[{"start":{"line":19,"column":17},"end":{"line":19,"column":22}},{"start":{"line":19,"column":26},"end":{"line":19,"column":49}}],"line":19},"2":{"loc":{"start":{"line":23,"column":14},"end":{"line":23,"column":82}},"type":"binary-expr","locations":[{"start":{"line":23,"column":14},"end":{"line":23,"column":39}},{"start":{"line":23,"column":43},"end":{"line":23,"column":82}}],"line":23}},"s":{"0":8,"1":8,"2":8},"f":{"0":8},"b":{"0":[0],"1":[8,8],"2":[8,0]},"_coverageSchema":"1a1c01bbd47fc00a2c39e90264f33305004495a9","hash":"5c590a5a694ad7f8fa1ea1a14bdd2f389231cdb5"}
,"/Users/personal/Code/BoltAI/boilerplates/saas/portal-mobile/hooks/use-countdown.ts": {"path":"/Users/personal/Code/BoltAI/boilerplates/saas/portal-mobile/hooks/use-countdown.ts","statementMap":{"0":{"start":{"line":17,"column":31},"end":{"line":17,"column":38}},"1":{"start":{"line":18,"column":34},"end":{"line":18,"column":58}},"2":{"start":{"line":19,"column":32},"end":{"line":19,"column":73}},"3":{"start":{"line":21,"column":2},"end":{"line":33,"column":16}},"4":{"start":{"line":22,"column":4},"end":{"line":22,"column":25}},"5":{"start":{"line":22,"column":18},"end":{"line":22,"column":25}},"6":{"start":{"line":23,"column":21},"end":{"line":31,"column":12}},"7":{"start":{"line":24,"column":6},"end":{"line":30,"column":9}},"8":{"start":{"line":25,"column":8},"end":{"line":28,"column":9}},"9":{"start":{"line":26,"column":10},"end":{"line":26,"column":28}},"10":{"start":{"line":27,"column":10},"end":{"line":27,"column":19}},"11":{"start":{"line":29,"column":8},"end":{"line":29,"column":24}},"12":{"start":{"line":32,"column":4},"end":{"line":32,"column":41}},"13":{"start":{"line":32,"column":17},"end":{"line":32,"column":40}},"14":{"start":{"line":35,"column":18},"end":{"line":38,"column":8}},"15":{"start":{"line":36,"column":4},"end":{"line":36,"column":25}},"16":{"start":{"line":37,"column":4},"end":{"line":37,"column":28}},"17":{"start":{"line":40,"column":2},"end":{"line":40,"column":57}}},"fnMap":{"0":{"name":"useCountdown","decl":{"start":{"line":13,"column":16},"end":{"line":13,"column":28}},"loc":{"start":{"line":16,"column":22},"end":{"line":41,"column":1}},"line":16},"1":{"name":"(anonymous_1)","decl":{"start":{"line":21,"column":12},"end":{"line":21,"column":13}},"loc":{"start":{"line":21,"column":18},"end":{"line":33,"column":3}},"line":21},"2":{"name":"(anonymous_2)","decl":{"start":{"line":23,"column":33},"end":{"line":23,"column":34}},"loc":{"start":{"line":23,"column":39},"end":{"line":31,"column":5}},"line":23},"3":{"name":"(anonymous_3)","decl":{"start":{"line":24,"column":18},"end":{"line":24,"column":19}},"loc":{"start":{"line":24,"column":28},"end":{"line":30,"column":7}},"line":24},"4":{"name":"(anonymous_4)","decl":{"start":{"line":32,"column":11},"end":{"line":32,"column":12}},"loc":{"start":{"line":32,"column":17},"end":{"line":32,"column":40}},"line":32},"5":{"name":"(anonymous_5)","decl":{"start":{"line":35,"column":30},"end":{"line":35,"column":31}},"loc":{"start":{"line":35,"column":51},"end":{"line":38,"column":3}},"line":35}},"branchMap":{"0":{"loc":{"start":{"line":15,"column":2},"end":{"line":15,"column":35}},"type":"default-arg","locations":[{"start":{"line":15,"column":33},"end":{"line":15,"column":35}}],"line":15},"1":{"loc":{"start":{"line":17,"column":10},"end":{"line":17,"column":26}},"type":"default-arg","locations":[{"start":{"line":17,"column":22},"end":{"line":17,"column":26}}],"line":17},"2":{"loc":{"start":{"line":19,"column":41},"end":{"line":19,"column":72}},"type":"binary-expr","locations":[{"start":{"line":19,"column":41},"end":{"line":19,"column":50}},{"start":{"line":19,"column":54},"end":{"line":19,"column":72}}],"line":19},"3":{"loc":{"start":{"line":22,"column":4},"end":{"line":22,"column":25}},"type":"if","locations":[{"start":{"line":22,"column":4},"end":{"line":22,"column":25}},{"start":{},"end":{}}],"line":22},"4":{"loc":{"start":{"line":25,"column":8},"end":{"line":28,"column":9}},"type":"if","locations":[{"start":{"line":25,"column":8},"end":{"line":28,"column":9}},{"start":{},"end":{}}],"line":25}},"s":{"0":17,"1":17,"2":17,"3":17,"4":12,"5":5,"6":7,"7":9,"8":9,"9":2,"10":2,"11":7,"12":7,"13":7,"14":17,"15":2,"16":2,"17":17},"f":{"0":17,"1":12,"2":9,"3":9,"4":7,"5":2},"b":{"0":[16],"1":[16],"2":[17,16],"3":[5,7],"4":[2,7]},"_coverageSchema":"1a1c01bbd47fc00a2c39e90264f33305004495a9","hash":"d649ef4e0c2ba8a4fddac47390710a56680ec751"}
,"/Users/personal/Code/BoltAI/boilerplates/saas/portal-mobile/hooks/use-push-notifications.ts": {"path":"/Users/personal/Code/BoltAI/boilerplates/saas/portal-mobile/hooks/use-push-notifications.ts","statementMap":{"0":{"start":{"line":14,"column":0},"end":{"line":22,"column":3}},"1":{"start":{"line":15,"column":35},"end":{"line":21,"column":3}},"2":{"start":{"line":25,"column":17},"end":{"line":25,"column":28}},"3":{"start":{"line":26,"column":22},"end":{"line":26,"column":38}},"4":{"start":{"line":27,"column":26},"end":{"line":27,"column":64}},"5":{"start":{"line":27,"column":46},"end":{"line":27,"column":63}},"6":{"start":{"line":28,"column":31},"end":{"line":28,"column":69}},"7":{"start":{"line":29,"column":27},"end":{"line":29,"column":65}},"8":{"start":{"line":31,"column":28},"end":{"line":68,"column":8}},"9":{"start":{"line":32,"column":4},"end":{"line":32,"column":33}},"10":{"start":{"line":32,"column":26},"end":{"line":32,"column":33}},"11":{"start":{"line":34,"column":39},"end":{"line":34,"column":80}},"12":{"start":{"line":35,"column":22},"end":{"line":35,"column":36}},"13":{"start":{"line":37,"column":4},"end":{"line":40,"column":5}},"14":{"start":{"line":38,"column":25},"end":{"line":38,"column":70}},"15":{"start":{"line":39,"column":6},"end":{"line":39,"column":27}},"16":{"start":{"line":42,"column":4},"end":{"line":42,"column":42}},"17":{"start":{"line":42,"column":35},"end":{"line":42,"column":42}},"18":{"start":{"line":45,"column":4},"end":{"line":51,"column":5}},"19":{"start":{"line":46,"column":6},"end":{"line":50,"column":9}},"20":{"start":{"line":53,"column":4},"end":{"line":67,"column":5}},"21":{"start":{"line":54,"column":26},"end":{"line":54,"column":71}},"22":{"start":{"line":55,"column":23},"end":{"line":55,"column":64}},"23":{"start":{"line":57,"column":6},"end":{"line":64,"column":9}},"24":{"start":{"line":66,"column":6},"end":{"line":66,"column":60}},"25":{"start":{"line":70,"column":2},"end":{"line":96,"column":64}},"26":{"start":{"line":71,"column":4},"end":{"line":71,"column":33}},"27":{"start":{"line":71,"column":26},"end":{"line":71,"column":33}},"28":{"start":{"line":73,"column":4},"end":{"line":73,"column":24}},"29":{"start":{"line":76,"column":4},"end":{"line":81,"column":6}},"30":{"start":{"line":78,"column":8},"end":{"line":78,"column":76}},"31":{"start":{"line":79,"column":8},"end":{"line":79,"column":70}},"32":{"start":{"line":84,"column":4},"end":{"line":90,"column":6}},"33":{"start":{"line":86,"column":8},"end":{"line":86,"column":70}},"34":{"start":{"line":87,"column":8},"end":{"line":87,"column":76}},"35":{"start":{"line":88,"column":8},"end":{"line":88,"column":51}},"36":{"start":{"line":92,"column":4},"end":{"line":95,"column":6}},"37":{"start":{"line":93,"column":6},"end":{"line":93,"column":45}},"38":{"start":{"line":94,"column":6},"end":{"line":94,"column":41}}},"fnMap":{"0":{"name":"(anonymous_0)","decl":{"start":{"line":15,"column":22},"end":{"line":15,"column":23}},"loc":{"start":{"line":15,"column":35},"end":{"line":21,"column":3}},"line":15},"1":{"name":"usePushNotifications","decl":{"start":{"line":24,"column":16},"end":{"line":24,"column":36}},"loc":{"start":{"line":24,"column":39},"end":{"line":97,"column":1}},"line":24},"2":{"name":"(anonymous_2)","decl":{"start":{"line":27,"column":39},"end":{"line":27,"column":40}},"loc":{"start":{"line":27,"column":46},"end":{"line":27,"column":63}},"line":27},"3":{"name":"(anonymous_3)","decl":{"start":{"line":31,"column":40},"end":{"line":31,"column":41}},"loc":{"start":{"line":31,"column":52},"end":{"line":68,"column":3}},"line":31},"4":{"name":"(anonymous_4)","decl":{"start":{"line":70,"column":12},"end":{"line":70,"column":13}},"loc":{"start":{"line":70,"column":18},"end":{"line":96,"column":3}},"line":70},"5":{"name":"(anonymous_5)","decl":{"start":{"line":77,"column":6},"end":{"line":77,"column":7}},"loc":{"start":{"line":77,"column":12},"end":{"line":80,"column":7}},"line":77},"6":{"name":"(anonymous_6)","decl":{"start":{"line":85,"column":6},"end":{"line":85,"column":7}},"loc":{"start":{"line":85,"column":12},"end":{"line":89,"column":7}},"line":85},"7":{"name":"(anonymous_7)","decl":{"start":{"line":92,"column":11},"end":{"line":92,"column":12}},"loc":{"start":{"line":92,"column":17},"end":{"line":95,"column":5}},"line":92}},"branchMap":{"0":{"loc":{"start":{"line":32,"column":4},"end":{"line":32,"column":33}},"type":"if","locations":[{"start":{"line":32,"column":4},"end":{"line":32,"column":33}},{"start":{},"end":{}}],"line":32},"1":{"loc":{"start":{"line":37,"column":4},"end":{"line":40,"column":5}},"type":"if","locations":[{"start":{"line":37,"column":4},"end":{"line":40,"column":5}},{"start":{},"end":{}}],"line":37},"2":{"loc":{"start":{"line":42,"column":4},"end":{"line":42,"column":42}},"type":"if","locations":[{"start":{"line":42,"column":4},"end":{"line":42,"column":42}},{"start":{},"end":{}}],"line":42},"3":{"loc":{"start":{"line":45,"column":4},"end":{"line":51,"column":5}},"type":"if","locations":[{"start":{"line":45,"column":4},"end":{"line":51,"column":5}},{"start":{},"end":{}}],"line":45},"4":{"loc":{"start":{"line":55,"column":23},"end":{"line":55,"column":64}},"type":"cond-expr","locations":[{"start":{"line":55,"column":47},"end":{"line":55,"column":52}},{"start":{"line":55,"column":55},"end":{"line":55,"column":64}}],"line":55},"5":{"loc":{"start":{"line":62,"column":22},"end":{"line":62,"column":52}},"type":"binary-expr","locations":[{"start":{"line":62,"column":22},"end":{"line":62,"column":39}},{"start":{"line":62,"column":43},"end":{"line":62,"column":52}}],"line":62},"6":{"loc":{"start":{"line":71,"column":4},"end":{"line":71,"column":33}},"type":"if","locations":[{"start":{"line":71,"column":4},"end":{"line":71,"column":33}},{"start":{},"end":{}}],"line":71}},"s":{"0":0,"1":0,"2":0,"3":0,"4":0,"5":0,"6":0,"7":0,"8":0,"9":0,"10":0,"11":0,"12":0,"13":0,"14":0,"15":0,"16":0,"17":0,"18":0,"19":0,"20":0,"21":0,"22":0,"23":0,"24":0,"25":0,"26":0,"27":0,"28":0,"29":0,"30":0,"31":0,"32":0,"33":0,"34":0,"35":0,"36":0,"37":0,"38":0},"f":{"0":0,"1":0,"2":0,"3":0,"4":0,"5":0,"6":0,"7":0},"b":{"0":[0,0],"1":[0,0],"2":[0,0],"3":[0,0],"4":[0,0],"5":[0,0],"6":[0,0]}}
,"/Users/personal/Code/BoltAI/boilerplates/saas/portal-mobile/lib/api-client.ts": {"path":"/Users/personal/Code/BoltAI/boilerplates/saas/portal-mobile/lib/api-client.ts","statementMap":{"0":{"start":{"line":5,"column":31},"end":{"line":5,"column":37}},"1":{"start":{"line":10,"column":2},"end":{"line":15,"column":3}},"2":{"start":{"line":11,"column":20},"end":{"line":11,"column":57}},"3":{"start":{"line":12,"column":4},"end":{"line":12,"column":68}},"4":{"start":{"line":14,"column":4},"end":{"line":14,"column":16}},"5":{"start":{"line":22,"column":46},"end":{"line":22,"column":50}},"6":{"start":{"line":25,"column":2},"end":{"line":25,"column":44}},"7":{"start":{"line":25,"column":22},"end":{"line":25,"column":44}},"8":{"start":{"line":27,"column":2},"end":{"line":48,"column":5}},"9":{"start":{"line":28,"column":4},"end":{"line":45,"column":5}},"10":{"start":{"line":29,"column":31},"end":{"line":29,"column":54}},"11":{"start":{"line":30,"column":6},"end":{"line":30,"column":38}},"12":{"start":{"line":30,"column":25},"end":{"line":30,"column":38}},"13":{"start":{"line":32,"column":23},"end":{"line":36,"column":8}},"14":{"start":{"line":38,"column":6},"end":{"line":38,"column":37}},"15":{"start":{"line":38,"column":24},"end":{"line":38,"column":37}},"16":{"start":{"line":40,"column":21},"end":{"line":40,"column":42}},"17":{"start":{"line":41,"column":6},"end":{"line":41,"column":87}},"18":{"start":{"line":42,"column":6},"end":{"line":42,"column":18}},"19":{"start":{"line":44,"column":6},"end":{"line":44,"column":19}},"20":{"start":{"line":47,"column":4},"end":{"line":47,"column":26}},"21":{"start":{"line":50,"column":2},"end":{"line":50,"column":24}},"22":{"start":{"line":64,"column":20},"end":{"line":64,"column":43}},"23":{"start":{"line":65,"column":24},"end":{"line":65,"column":33}},"24":{"start":{"line":67,"column":2},"end":{"line":70,"column":3}},"25":{"start":{"line":68,"column":4},"end":{"line":68,"column":29}},"26":{"start":{"line":69,"column":4},"end":{"line":69,"column":39}},"27":{"start":{"line":73,"column":2},"end":{"line":80,"column":3}},"28":{"start":{"line":74,"column":22},"end":{"line":74,"column":43}},"29":{"start":{"line":75,"column":4},"end":{"line":78,"column":5}},"30":{"start":{"line":76,"column":6},"end":{"line":76,"column":45}},"31":{"start":{"line":77,"column":6},"end":{"line":77,"column":46}},"32":{"start":{"line":79,"column":4},"end":{"line":79,"column":55}},"33":{"start":{"line":82,"column":19},"end":{"line":82,"column":77}},"34":{"start":{"line":85,"column":2},"end":{"line":93,"column":3}},"35":{"start":{"line":86,"column":22},"end":{"line":86,"column":43}},"36":{"start":{"line":87,"column":4},"end":{"line":90,"column":5}},"37":{"start":{"line":88,"column":6},"end":{"line":88,"column":45}},"38":{"start":{"line":89,"column":6},"end":{"line":89,"column":47}},"39":{"start":{"line":92,"column":4},"end":{"line":92,"column":89}},"40":{"start":{"line":95,"column":2},"end":{"line":95,"column":18}},"41":{"start":{"line":99,"column":2},"end":{"line":99,"column":26}},"42":{"start":{"line":99,"column":16},"end":{"line":99,"column":26}},"43":{"start":{"line":100,"column":2},"end":{"line":106,"column":3}},"44":{"start":{"line":101,"column":43},"end":{"line":101,"column":45}},"45":{"start":{"line":102,"column":4},"end":{"line":104,"column":7}},"46":{"start":{"line":103,"column":6},"end":{"line":103,"column":26}},"47":{"start":{"line":105,"column":4},"end":{"line":105,"column":18}},"48":{"start":{"line":107,"column":2},"end":{"line":109,"column":3}},"49":{"start":{"line":108,"column":4},"end":{"line":108,"column":39}},"50":{"start":{"line":110,"column":2},"end":{"line":110,"column":43}},"51":{"start":{"line":118,"column":35},"end":{"line":118,"column":58}},"52":{"start":{"line":119,"column":23},"end":{"line":119,"column":44}},"53":{"start":{"line":121,"column":42},"end":{"line":125,"column":3}},"54":{"start":{"line":127,"column":2},"end":{"line":129,"column":3}},"55":{"start":{"line":128,"column":4},"end":{"line":128,"column":56}},"56":{"start":{"line":131,"column":2},"end":{"line":137,"column":5}},"57":{"start":{"line":150,"column":23},"end":{"line":150,"column":44}},"58":{"start":{"line":152,"column":2},"end":{"line":159,"column":5}}},"fnMap":{"0":{"name":"isTokenExpired","decl":{"start":{"line":9,"column":9},"end":{"line":9,"column":23}},"loc":{"start":{"line":9,"column":48},"end":{"line":16,"column":1}},"line":9},"1":{"name":"refreshTokens","decl":{"start":{"line":24,"column":15},"end":{"line":24,"column":28}},"loc":{"start":{"line":24,"column":49},"end":{"line":51,"column":1}},"line":24},"2":{"name":"(anonymous_2)","decl":{"start":{"line":27,"column":20},"end":{"line":27,"column":21}},"loc":{"start":{"line":27,"column":32},"end":{"line":46,"column":3}},"line":27},"3":{"name":"(anonymous_3)","decl":{"start":{"line":46,"column":15},"end":{"line":46,"column":16}},"loc":{"start":{"line":46,"column":21},"end":{"line":48,"column":3}},"line":46},"4":{"name":"apiFetch","decl":{"start":{"line":60,"column":22},"end":{"line":60,"column":30}},"loc":{"start":{"line":63,"column":21},"end":{"line":96,"column":1}},"line":63},"5":{"name":"toHeadersRecord","decl":{"start":{"line":98,"column":9},"end":{"line":98,"column":24}},"loc":{"start":{"line":98,"column":72},"end":{"line":111,"column":1}},"line":98},"6":{"name":"(anonymous_6)","decl":{"start":{"line":102,"column":20},"end":{"line":102,"column":21}},"loc":{"start":{"line":102,"column":36},"end":{"line":104,"column":5}},"line":102},"7":{"name":"makeAuthenticatedRequest","decl":{"start":{"line":113,"column":9},"end":{"line":113,"column":33}},"loc":{"start":{"line":117,"column":21},"end":{"line":138,"column":1}},"line":117},"8":{"name":"apiPublicFetch","decl":{"start":{"line":146,"column":22},"end":{"line":146,"column":36}},"loc":{"start":{"line":149,"column":21},"end":{"line":160,"column":1}},"line":149}},"branchMap":{"0":{"loc":{"start":{"line":25,"column":2},"end":{"line":25,"column":44}},"type":"if","locations":[{"start":{"line":25,"column":2},"end":{"line":25,"column":44}},{"start":{},"end":{}}],"line":25},"1":{"loc":{"start":{"line":30,"column":6},"end":{"line":30,"column":38}},"type":"if","locations":[{"start":{"line":30,"column":6},"end":{"line":30,"column":38}},{"start":{},"end":{}}],"line":30},"2":{"loc":{"start":{"line":38,"column":6},"end":{"line":38,"column":37}},"type":"if","locations":[{"start":{"line":38,"column":6},"end":{"line":38,"column":37}},{"start":{},"end":{}}],"line":38},"3":{"loc":{"start":{"line":62,"column":2},"end":{"line":62,"column":27}},"type":"default-arg","locations":[{"start":{"line":62,"column":25},"end":{"line":62,"column":27}}],"line":62},"4":{"loc":{"start":{"line":67,"column":2},"end":{"line":70,"column":3}},"type":"if","locations":[{"start":{"line":67,"column":2},"end":{"line":70,"column":3}},{"start":{},"end":{}}],"line":67},"5":{"loc":{"start":{"line":73,"column":2},"end":{"line":80,"column":3}},"type":"if","locations":[{"start":{"line":73,"column":2},"end":{"line":80,"column":3}},{"start":{},"end":{}}],"line":73},"6":{"loc":{"start":{"line":75,"column":4},"end":{"line":78,"column":5}},"type":"if","locations":[{"start":{"line":75,"column":4},"end":{"line":78,"column":5}},{"start":{},"end":{}}],"line":75},"7":{"loc":{"start":{"line":85,"column":2},"end":{"line":93,"column":3}},"type":"if","locations":[{"start":{"line":85,"column":2},"end":{"line":93,"column":3}},{"start":{},"end":{}}],"line":85},"8":{"loc":{"start":{"line":87,"column":4},"end":{"line":90,"column":5}},"type":"if","locations":[{"start":{"line":87,"column":4},"end":{"line":90,"column":5}},{"start":{},"end":{}}],"line":87},"9":{"loc":{"start":{"line":99,"column":2},"end":{"line":99,"column":26}},"type":"if","locations":[{"start":{"line":99,"column":2},"end":{"line":99,"column":26}},{"start":{},"end":{}}],"line":99},"10":{"loc":{"start":{"line":100,"column":2},"end":{"line":106,"column":3}},"type":"if","locations":[{"start":{"line":100,"column":2},"end":{"line":106,"column":3}},{"start":{},"end":{}}],"line":100},"11":{"loc":{"start":{"line":107,"column":2},"end":{"line":109,"column":3}},"type":"if","locations":[{"start":{"line":107,"column":2},"end":{"line":109,"column":3}},{"start":{},"end":{}}],"line":107},"12":{"loc":{"start":{"line":127,"column":2},"end":{"line":129,"column":3}},"type":"if","locations":[{"start":{"line":127,"column":2},"end":{"line":129,"column":3}},{"start":{},"end":{}}],"line":127},"13":{"loc":{"start":{"line":148,"column":2},"end":{"line":148,"column":27}},"type":"default-arg","locations":[{"start":{"line":148,"column":25},"end":{"line":148,"column":27}}],"line":148}},"s":{"0":0,"1":0,"2":0,"3":0,"4":0,"5":0,"6":0,"7":0,"8":0,"9":0,"10":0,"11":0,"12":0,"13":0,"14":0,"15":0,"16":0,"17":0,"18":0,"19":0,"20":0,"21":0,"22":0,"23":0,"24":0,"25":0,"26":0,"27":0,"28":0,"29":0,"30":0,"31":0,"32":0,"33":0,"34":0,"35":0,"36":0,"37":0,"38":0,"39":0,"40":0,"41":0,"42":0,"43":0,"44":0,"45":0,"46":0,"47":0,"48":0,"49":0,"50":0,"51":0,"52":0,"53":0,"54":0,"55":0,"56":0,"57":0,"58":0},"f":{"0":0,"1":0,"2":0,"3":0,"4":0,"5":0,"6":0,"7":0,"8":0},"b":{"0":[0,0],"1":[0,0],"2":[0,0],"3":[0],"4":[0,0],"5":[0,0],"6":[0,0],"7":[0,0],"8":[0,0],"9":[0,0],"10":[0,0],"11":[0,0],"12":[0,0],"13":[0]}}
,"/Users/personal/Code/BoltAI/boilerplates/saas/portal-mobile/lib/api-error.ts": {"path":"/Users/personal/Code/BoltAI/boilerplates/saas/portal-mobile/lib/api-error.ts","statementMap":{"0":{"start":{"line":12,"column":2},"end":{"line":19,"column":3}},"1":{"start":{"line":18,"column":4},"end":{"line":18,"column":54}},"2":{"start":{"line":21,"column":2},"end":{"line":21,"column":18}},"3":{"start":{"line":31,"column":20},"end":{"line":31,"column":59}},"4":{"start":{"line":31,"column":54},"end":{"line":31,"column":58}},"5":{"start":{"line":32,"column":2},"end":{"line":32,"column":46}},"6":{"start":{"line":45,"column":2},"end":{"line":45,"column":83}}},"fnMap":{"0":{"name":"extractApiError","decl":{"start":{"line":8,"column":16},"end":{"line":8,"column":31}},"loc":{"start":{"line":11,"column":10},"end":{"line":22,"column":1}},"line":11},"1":{"name":"parseApiError","decl":{"start":{"line":27,"column":22},"end":{"line":27,"column":35}},"loc":{"start":{"line":30,"column":19},"end":{"line":33,"column":1}},"line":30},"2":{"name":"(anonymous_2)","decl":{"start":{"line":31,"column":48},"end":{"line":31,"column":49}},"loc":{"start":{"line":31,"column":54},"end":{"line":31,"column":58}},"line":31},"3":{"name":"toPaginated","decl":{"start":{"line":39,"column":16},"end":{"line":39,"column":27}},"loc":{"start":{"line":44,"column":62},"end":{"line":46,"column":1}},"line":44}},"branchMap":{"0":{"loc":{"start":{"line":10,"column":2},"end":{"line":10,"column":35}},"type":"default-arg","locations":[{"start":{"line":10,"column":13},"end":{"line":10,"column":35}}],"line":10},"1":{"loc":{"start":{"line":12,"column":2},"end":{"line":19,"column":3}},"type":"if","locations":[{"start":{"line":12,"column":2},"end":{"line":19,"column":3}},{"start":{},"end":{}}],"line":12},"2":{"loc":{"start":{"line":13,"column":4},"end":{"line":16,"column":67}},"type":"binary-expr","locations":[{"start":{"line":13,"column":4},"end":{"line":13,"column":13}},{"start":{"line":14,"column":4},"end":{"line":14,"column":33}},{"start":{"line":15,"column":4},"end":{"line":15,"column":26}},{"start":{"line":16,"column":4},"end":{"line":16,"column":67}}],"line":13}},"s":{"0":10,"1":3,"2":7,"3":3,"4":1,"5":3,"6":2},"f":{"0":10,"1":3,"2":1,"3":2},"b":{"0":[4],"1":[3,7],"2":[10,5,5,4]},"_coverageSchema":"1a1c01bbd47fc00a2c39e90264f33305004495a9","hash":"b778072e933a60417e2591212a0723cebf4b8d5d"}
,"/Users/personal/Code/BoltAI/boilerplates/saas/portal-mobile/lib/auth-helpers.ts": {"path":"/Users/personal/Code/BoltAI/boilerplates/saas/portal-mobile/lib/auth-helpers.ts","statementMap":{"0":{"start":{"line":11,"column":47},"end":{"line":11,"column":49}},"1":{"start":{"line":12,"column":35},"end":{"line":12,"column":39}},"2":{"start":{"line":14,"column":2},"end":{"line":31,"column":3}},"3":{"start":{"line":15,"column":23},"end":{"line":17,"column":6}},"4":{"start":{"line":19,"column":4},"end":{"line":28,"column":5}},"5":{"start":{"line":20,"column":29},"end":{"line":20,"column":52}},"6":{"start":{"line":21,"column":6},"end":{"line":21,"column":41}},"7":{"start":{"line":22,"column":27},"end":{"line":22,"column":57}},"8":{"start":{"line":24,"column":8},"end":{"line":24,"column":82}},"9":{"start":{"line":24,"column":48},"end":{"line":24,"column":81}},"10":{"start":{"line":25,"column":6},"end":{"line":27,"column":51}},"11":{"start":{"line":33,"column":2},"end":{"line":39,"column":4}},"12":{"start":{"line":47,"column":2},"end":{"line":56,"column":3}},"13":{"start":{"line":48,"column":21},"end":{"line":48,"column":47}},"14":{"start":{"line":49,"column":4},"end":{"line":49,"column":29}},"15":{"start":{"line":49,"column":22},"end":{"line":49,"column":29}},"16":{"start":{"line":51,"column":27},"end":{"line":51,"column":48}},"17":{"start":{"line":52,"column":18},"end":{"line":52,"column":41}},"18":{"start":{"line":53,"column":4},"end":{"line":53,"column":47}},"19":{"start":{"line":66,"column":4},"end":{"line":68,"column":32}},"20":{"start":{"line":70,"column":19},"end":{"line":73,"column":4}},"21":{"start":{"line":75,"column":2},"end":{"line":78,"column":3}},"22":{"start":{"line":76,"column":18},"end":{"line":76,"column":70}},"23":{"start":{"line":77,"column":4},"end":{"line":77,"column":21}},"24":{"start":{"line":80,"column":2},"end":{"line":80,"column":27}},"25":{"start":{"line":87,"column":22},"end":{"line":91,"column":12}},"26":{"start":{"line":93,"column":19},"end":{"line":96,"column":4}},"27":{"start":{"line":98,"column":2},"end":{"line":101,"column":3}},"28":{"start":{"line":99,"column":18},"end":{"line":99,"column":70}},"29":{"start":{"line":100,"column":4},"end":{"line":100,"column":21}},"30":{"start":{"line":103,"column":29},"end":{"line":103,"column":50}},"31":{"start":{"line":104,"column":2},"end":{"line":104,"column":18}},"32":{"start":{"line":110,"column":19},"end":{"line":113,"column":4}},"33":{"start":{"line":115,"column":2},"end":{"line":118,"column":3}},"34":{"start":{"line":116,"column":18},"end":{"line":116,"column":70}},"35":{"start":{"line":117,"column":4},"end":{"line":117,"column":21}},"36":{"start":{"line":120,"column":29},"end":{"line":120,"column":50}},"37":{"start":{"line":121,"column":2},"end":{"line":121,"column":18}}},"fnMap":{"0":{"name":"completeAuth","decl":{"start":{"line":10,"column":22},"end":{"line":10,"column":34}},"loc":{"start":{"line":10,"column":78},"end":{"line":40,"column":1}},"line":10},"1":{"name":"(anonymous_1)","decl":{"start":{"line":24,"column":41},"end":{"line":24,"column":42}},"loc":{"start":{"line":24,"column":48},"end":{"line":24,"column":81}},"line":24},"2":{"name":"refreshMemberships","decl":{"start":{"line":46,"column":22},"end":{"line":46,"column":40}},"loc":{"start":{"line":46,"column":58},"end":{"line":57,"column":1}},"line":46},"3":{"name":"send2faOtp","decl":{"start":{"line":61,"column":22},"end":{"line":61,"column":32}},"loc":{"start":{"line":64,"column":50},"end":{"line":81,"column":1}},"line":64},"4":{"name":"verify2faCode","decl":{"start":{"line":83,"column":22},"end":{"line":83,"column":35}},"loc":{"start":{"line":86,"column":52},"end":{"line":105,"column":1}},"line":86},"5":{"name":"verifyRecoveryCode","decl":{"start":{"line":107,"column":22},"end":{"line":107,"column":40}},"loc":{"start":{"line":109,"column":52},"end":{"line":122,"column":1}},"line":109}},"branchMap":{"0":{"loc":{"start":{"line":19,"column":4},"end":{"line":28,"column":5}},"type":"if","locations":[{"start":{"line":19,"column":4},"end":{"line":28,"column":5}},{"start":{},"end":{}}],"line":19},"1":{"loc":{"start":{"line":21,"column":20},"end":{"line":21,"column":40}},"type":"binary-expr","locations":[{"start":{"line":21,"column":20},"end":{"line":21,"column":34}},{"start":{"line":21,"column":38},"end":{"line":21,"column":40}}],"line":21},"2":{"loc":{"start":{"line":24,"column":8},"end":{"line":24,"column":82}},"type":"binary-expr","locations":[{"start":{"line":24,"column":8},"end":{"line":24,"column":20}},{"start":{"line":24,"column":24},"end":{"line":24,"column":82}}],"line":24},"3":{"loc":{"start":{"line":25,"column":20},"end":{"line":27,"column":50}},"type":"cond-expr","locations":[{"start":{"line":26,"column":10},"end":{"line":26,"column":22}},{"start":{"line":27,"column":11},"end":{"line":27,"column":49}}],"line":25},"4":{"loc":{"start":{"line":27,"column":11},"end":{"line":27,"column":49}},"type":"binary-expr","locations":[{"start":{"line":27,"column":11},"end":{"line":27,"column":41}},{"start":{"line":27,"column":45},"end":{"line":27,"column":49}}],"line":27},"5":{"loc":{"start":{"line":49,"column":4},"end":{"line":49,"column":29}},"type":"if","locations":[{"start":{"line":49,"column":4},"end":{"line":49,"column":29}},{"start":{},"end":{}}],"line":49},"6":{"loc":{"start":{"line":53,"column":25},"end":{"line":53,"column":45}},"type":"binary-expr","locations":[{"start":{"line":53,"column":25},"end":{"line":53,"column":39}},{"start":{"line":53,"column":43},"end":{"line":53,"column":45}}],"line":53},"7":{"loc":{"start":{"line":66,"column":4},"end":{"line":68,"column":32}},"type":"cond-expr","locations":[{"start":{"line":67,"column":8},"end":{"line":67,"column":34}},{"start":{"line":68,"column":8},"end":{"line":68,"column":32}}],"line":66},"8":{"loc":{"start":{"line":75,"column":2},"end":{"line":78,"column":3}},"type":"if","locations":[{"start":{"line":75,"column":2},"end":{"line":78,"column":3}},{"start":{},"end":{}}],"line":75},"9":{"loc":{"start":{"line":98,"column":2},"end":{"line":101,"column":3}},"type":"if","locations":[{"start":{"line":98,"column":2},"end":{"line":101,"column":3}},{"start":{},"end":{}}],"line":98},"10":{"loc":{"start":{"line":115,"column":2},"end":{"line":118,"column":3}},"type":"if","locations":[{"start":{"line":115,"column":2},"end":{"line":118,"column":3}},{"start":{},"end":{}}],"line":115}},"s":{"0":0,"1":0,"2":0,"3":0,"4":0,"5":0,"6":0,"7":0,"8":0,"9":0,"10":0,"11":0,"12":0,"13":0,"14":0,"15":0,"16":0,"17":0,"18":0,"19":0,"20":0,"21":0,"22":0,"23":0,"24":0,"25":0,"26":0,"27":0,"28":0,"29":0,"30":0,"31":0,"32":0,"33":0,"34":0,"35":0,"36":0,"37":0},"f":{"0":0,"1":0,"2":0,"3":0,"4":0,"5":0},"b":{"0":[0,0],"1":[0,0],"2":[0,0],"3":[0,0],"4":[0,0],"5":[0,0],"6":[0,0],"7":[0,0],"8":[0,0],"9":[0,0],"10":[0,0]}}
,"/Users/personal/Code/BoltAI/boilerplates/saas/portal-mobile/lib/config.ts": {"path":"/Users/personal/Code/BoltAI/boilerplates/saas/portal-mobile/lib/config.ts","statementMap":{"0":{"start":{"line":4,"column":17},"end":{"line":4,"column":51}},"1":{"start":{"line":5,"column":2},"end":{"line":5,"column":28}},"2":{"start":{"line":5,"column":14},"end":{"line":5,"column":28}},"3":{"start":{"line":8,"column":2},"end":{"line":11,"column":3}},"4":{"start":{"line":9,"column":17},"end":{"line":9,"column":69}},"5":{"start":{"line":10,"column":4},"end":{"line":10,"column":40}},"6":{"start":{"line":13,"column":2},"end":{"line":13,"column":67}},"7":{"start":{"line":16,"column":23},"end":{"line":16,"column":34}}},"fnMap":{"0":{"name":"getApiUrl","decl":{"start":{"line":3,"column":9},"end":{"line":3,"column":18}},"loc":{"start":{"line":3,"column":29},"end":{"line":14,"column":1}},"line":3}},"branchMap":{"0":{"loc":{"start":{"line":5,"column":2},"end":{"line":5,"column":28}},"type":"if","locations":[{"start":{"line":5,"column":2},"end":{"line":5,"column":28}},{"start":{},"end":{}}],"line":5},"1":{"loc":{"start":{"line":8,"column":2},"end":{"line":11,"column":3}},"type":"if","locations":[{"start":{"line":8,"column":2},"end":{"line":11,"column":3}},{"start":{},"end":{}}],"line":8},"2":{"loc":{"start":{"line":9,"column":17},"end":{"line":9,"column":69}},"type":"cond-expr","locations":[{"start":{"line":9,"column":45},"end":{"line":9,"column":55}},{"start":{"line":9,"column":58},"end":{"line":9,"column":69}}],"line":9}},"s":{"0":0,"1":0,"2":0,"3":0,"4":0,"5":0,"6":0,"7":0},"f":{"0":0},"b":{"0":[0,0],"1":[0,0],"2":[0,0]}}
,"/Users/personal/Code/BoltAI/boilerplates/saas/portal-mobile/lib/format.ts": {"path":"/Users/personal/Code/BoltAI/boilerplates/saas/portal-mobile/lib/format.ts","statementMap":{"0":{"start":{"line":9,"column":12},"end":{"line":9,"column":53}},"1":{"start":{"line":10,"column":12},"end":{"line":10,"column":52}},"2":{"start":{"line":11,"column":2},"end":{"line":11,"column":22}},"3":{"start":{"line":18,"column":15},"end":{"line":18,"column":55}},"4":{"start":{"line":19,"column":18},"end":{"line":19,"column":43}},"5":{"start":{"line":20,"column":2},"end":{"line":20,"column":32}},"6":{"start":{"line":20,"column":19},"end":{"line":20,"column":32}},"7":{"start":{"line":21,"column":2},"end":{"line":21,"column":41}},"8":{"start":{"line":21,"column":20},"end":{"line":21,"column":41}},"9":{"start":{"line":22,"column":16},"end":{"line":22,"column":40}},"10":{"start":{"line":23,"column":2},"end":{"line":23,"column":37}},"11":{"start":{"line":23,"column":18},"end":{"line":23,"column":37}},"12":{"start":{"line":24,"column":15},"end":{"line":24,"column":37}},"13":{"start":{"line":25,"column":2},"end":{"line":25,"column":35}},"14":{"start":{"line":25,"column":17},"end":{"line":25,"column":35}},"15":{"start":{"line":26,"column":17},"end":{"line":26,"column":38}},"16":{"start":{"line":27,"column":2},"end":{"line":27,"column":40}},"17":{"start":{"line":27,"column":19},"end":{"line":27,"column":40}},"18":{"start":{"line":28,"column":2},"end":{"line":28,"column":39}}},"fnMap":{"0":{"name":"getInitials","decl":{"start":{"line":5,"column":16},"end":{"line":5,"column":27}},"loc":{"start":{"line":8,"column":10},"end":{"line":12,"column":1}},"line":8},"1":{"name":"formatRelativeTime","decl":{"start":{"line":17,"column":16},"end":{"line":17,"column":34}},"loc":{"start":{"line":17,"column":60},"end":{"line":29,"column":1}},"line":17}},"branchMap":{"0":{"loc":{"start":{"line":9,"column":12},"end":{"line":9,"column":53}},"type":"binary-expr","locations":[{"start":{"line":9,"column":12},"end":{"line":9,"column":47}},{"start":{"line":9,"column":51},"end":{"line":9,"column":53}}],"line":9},"1":{"loc":{"start":{"line":10,"column":12},"end":{"line":10,"column":52}},"type":"binary-expr","locations":[{"start":{"line":10,"column":12},"end":{"line":10,"column":46}},{"start":{"line":10,"column":50},"end":{"line":10,"column":52}}],"line":10},"2":{"loc":{"start":{"line":11,"column":9},"end":{"line":11,"column":21}},"type":"binary-expr","locations":[{"start":{"line":11,"column":9},"end":{"line":11,"column":14}},{"start":{"line":11,"column":18},"end":{"line":11,"column":21}}],"line":11},"3":{"loc":{"start":{"line":20,"column":2},"end":{"line":20,"column":32}},"type":"if","locations":[{"start":{"line":20,"column":2},"end":{"line":20,"column":32}},{"start":{},"end":{}}],"line":20},"4":{"loc":{"start":{"line":21,"column":2},"end":{"line":21,"column":41}},"type":"if","locations":[{"start":{"line":21,"column":2},"end":{"line":21,"column":41}},{"start":{},"end":{}}],"line":21},"5":{"loc":{"start":{"line":23,"column":2},"end":{"line":23,"column":37}},"type":"if","locations":[{"start":{"line":23,"column":2},"end":{"line":23,"column":37}},{"start":{},"end":{}}],"line":23},"6":{"loc":{"start":{"line":25,"column":2},"end":{"line":25,"column":35}},"type":"if","locations":[{"start":{"line":25,"column":2},"end":{"line":25,"column":35}},{"start":{},"end":{}}],"line":25},"7":{"loc":{"start":{"line":27,"column":2},"end":{"line":27,"column":40}},"type":"if","locations":[{"start":{"line":27,"column":2},"end":{"line":27,"column":40}},{"start":{},"end":{}}],"line":27}},"s":{"0":8,"1":8,"2":8,"3":8,"4":8,"5":8,"6":1,"7":7,"8":2,"9":5,"10":5,"11":2,"12":3,"13":3,"14":1,"15":2,"16":2,"17":1,"18":1},"f":{"0":8,"1":8},"b":{"0":[8,3],"1":[8,3],"2":[8,3],"3":[1,7],"4":[2,5],"5":[2,3],"6":[1,2],"7":[1,1]},"_coverageSchema":"1a1c01bbd47fc00a2c39e90264f33305004495a9","hash":"795c02a91bf737d4419132d9939f7776a40c76bf"}
,"/Users/personal/Code/BoltAI/boilerplates/saas/portal-mobile/lib/permissions.ts": {"path":"/Users/personal/Code/BoltAI/boilerplates/saas/portal-mobile/lib/permissions.ts","statementMap":{"0":{"start":{"line":1,"column":17},"end":{"line":15,"column":10}},"1":{"start":{"line":19,"column":30},"end":{"line":23,"column":10}},"2":{"start":{"line":31,"column":2},"end":{"line":31,"column":33}},"3":{"start":{"line":31,"column":21},"end":{"line":31,"column":33}},"4":{"start":{"line":32,"column":2},"end":{"line":32,"column":77}},"5":{"start":{"line":39,"column":2},"end":{"line":39,"column":55}},"6":{"start":{"line":46,"column":2},"end":{"line":46,"column":62}},"7":{"start":{"line":46,"column":33},"end":{"line":46,"column":61}},"8":{"start":{"line":52,"column":29},"end":{"line":55,"column":10}},"9":{"start":{"line":65,"column":2},"end":{"line":65,"column":41}},"10":{"start":{"line":65,"column":29},"end":{"line":65,"column":41}},"11":{"start":{"line":66,"column":2},"end":{"line":66,"column":39}}},"fnMap":{"0":{"name":"isPlatformUser","decl":{"start":{"line":30,"column":16},"end":{"line":30,"column":30}},"loc":{"start":{"line":30,"column":81},"end":{"line":33,"column":1}},"line":30},"1":{"name":"hasPermission","decl":{"start":{"line":35,"column":16},"end":{"line":35,"column":29}},"loc":{"start":{"line":38,"column":11},"end":{"line":40,"column":1}},"line":38},"2":{"name":"hasAnyPermission","decl":{"start":{"line":42,"column":16},"end":{"line":42,"column":32}},"loc":{"start":{"line":45,"column":11},"end":{"line":47,"column":1}},"line":45},"3":{"name":"(anonymous_3)","decl":{"start":{"line":46,"column":26},"end":{"line":46,"column":27}},"loc":{"start":{"line":46,"column":33},"end":{"line":46,"column":61}},"line":46},"4":{"name":"meetsOrgHierarchy","decl":{"start":{"line":61,"column":16},"end":{"line":61,"column":33}},"loc":{"start":{"line":64,"column":11},"end":{"line":67,"column":1}},"line":64}},"branchMap":{"0":{"loc":{"start":{"line":31,"column":2},"end":{"line":31,"column":33}},"type":"if","locations":[{"start":{"line":31,"column":2},"end":{"line":31,"column":33}},{"start":{},"end":{}}],"line":31},"1":{"loc":{"start":{"line":39,"column":9},"end":{"line":39,"column":55}},"type":"binary-expr","locations":[{"start":{"line":39,"column":9},"end":{"line":39,"column":46}},{"start":{"line":39,"column":50},"end":{"line":39,"column":55}}],"line":39},"2":{"loc":{"start":{"line":65,"column":2},"end":{"line":65,"column":41}},"type":"if","locations":[{"start":{"line":65,"column":2},"end":{"line":65,"column":41}},{"start":{},"end":{}}],"line":65}},"s":{"0":1,"1":1,"2":7,"3":3,"4":4,"5":5,"6":4,"7":4,"8":1,"9":6,"10":2,"11":4},"f":{"0":7,"1":5,"2":4,"3":4,"4":6},"b":{"0":[3,4],"1":[5,2],"2":[2,4]},"_coverageSchema":"1a1c01bbd47fc00a2c39e90264f33305004495a9","hash":"71e578671ef46fb545f64e1ee201e843ec9ff591"}
,"/Users/personal/Code/BoltAI/boilerplates/saas/portal-mobile/lib/query-keys.ts": {"path":"/Users/personal/Code/BoltAI/boilerplates/saas/portal-mobile/lib/query-keys.ts","statementMap":{"0":{"start":{"line":1,"column":18},"end":{"line":110,"column":10}},"1":{"start":{"line":9,"column":4},"end":{"line":9,"column":33}},"2":{"start":{"line":14,"column":4},"end":{"line":14,"column":38}},"3":{"start":{"line":15,"column":38},"end":{"line":15,"column":68}},"4":{"start":{"line":18,"column":30},"end":{"line":18,"column":74}},"5":{"start":{"line":20,"column":4},"end":{"line":20,"column":56}},"6":{"start":{"line":23,"column":4},"end":{"line":23,"column":36}},"7":{"start":{"line":30,"column":4},"end":{"line":30,"column":30}},"8":{"start":{"line":31,"column":30},"end":{"line":31,"column":52}},"9":{"start":{"line":39,"column":4},"end":{"line":39,"column":33}},"10":{"start":{"line":44,"column":4},"end":{"line":44,"column":41}},"11":{"start":{"line":45,"column":40},"end":{"line":45,"column":73}},"12":{"start":{"line":46,"column":38},"end":{"line":46,"column":79}},"13":{"start":{"line":51,"column":4},"end":{"line":51,"column":33}},"14":{"start":{"line":52,"column":33},"end":{"line":52,"column":58}},"15":{"start":{"line":53,"column":37},"end":{"line":53,"column":76}},"16":{"start":{"line":55,"column":4},"end":{"line":55,"column":51}},"17":{"start":{"line":66,"column":4},"end":{"line":66,"column":38}},"18":{"start":{"line":77,"column":4},"end":{"line":77,"column":38}},"19":{"start":{"line":82,"column":36},"end":{"line":82,"column":65}},"20":{"start":{"line":87,"column":4},"end":{"line":87,"column":36}},"21":{"start":{"line":92,"column":4},"end":{"line":92,"column":35}},"22":{"start":{"line":97,"column":4},"end":{"line":97,"column":35}},"23":{"start":{"line":103,"column":4},"end":{"line":103,"column":47}}},"fnMap":{"0":{"name":"(anonymous_0)","decl":{"start":{"line":8,"column":16},"end":{"line":8,"column":17}},"loc":{"start":{"line":9,"column":4},"end":{"line":9,"column":33}},"line":9},"1":{"name":"(anonymous_1)","decl":{"start":{"line":13,"column":21},"end":{"line":13,"column":22}},"loc":{"start":{"line":14,"column":4},"end":{"line":14,"column":38}},"line":14},"2":{"name":"(anonymous_2)","decl":{"start":{"line":15,"column":22},"end":{"line":15,"column":23}},"loc":{"start":{"line":15,"column":38},"end":{"line":15,"column":68}},"line":15},"3":{"name":"(anonymous_3)","decl":{"start":{"line":18,"column":11},"end":{"line":18,"column":12}},"loc":{"start":{"line":18,"column":30},"end":{"line":18,"column":74}},"line":18},"4":{"name":"(anonymous_4)","decl":{"start":{"line":19,"column":15},"end":{"line":19,"column":16}},"loc":{"start":{"line":20,"column":4},"end":{"line":20,"column":56}},"line":20},"5":{"name":"(anonymous_5)","decl":{"start":{"line":22,"column":18},"end":{"line":22,"column":19}},"loc":{"start":{"line":23,"column":4},"end":{"line":23,"column":36}},"line":23},"6":{"name":"(anonymous_6)","decl":{"start":{"line":29,"column":13},"end":{"line":29,"column":14}},"loc":{"start":{"line":30,"column":4},"end":{"line":30,"column":30}},"line":30},"7":{"name":"(anonymous_7)","decl":{"start":{"line":31,"column":14},"end":{"line":31,"column":15}},"loc":{"start":{"line":31,"column":30},"end":{"line":31,"column":52}},"line":31},"8":{"name":"(anonymous_8)","decl":{"start":{"line":38,"column":15},"end":{"line":38,"column":16}},"loc":{"start":{"line":39,"column":4},"end":{"line":39,"column":33}},"line":39},"9":{"name":"(anonymous_9)","decl":{"start":{"line":43,"column":23},"end":{"line":43,"column":24}},"loc":{"start":{"line":44,"column":4},"end":{"line":44,"column":41}},"line":44},"10":{"name":"(anonymous_10)","decl":{"start":{"line":45,"column":24},"end":{"line":45,"column":25}},"loc":{"start":{"line":45,"column":40},"end":{"line":45,"column":73}},"line":45},"11":{"name":"(anonymous_11)","decl":{"start":{"line":46,"column":22},"end":{"line":46,"column":23}},"loc":{"start":{"line":46,"column":38},"end":{"line":46,"column":79}},"line":46},"12":{"name":"(anonymous_12)","decl":{"start":{"line":50,"column":16},"end":{"line":50,"column":17}},"loc":{"start":{"line":51,"column":4},"end":{"line":51,"column":33}},"line":51},"13":{"name":"(anonymous_13)","decl":{"start":{"line":52,"column":17},"end":{"line":52,"column":18}},"loc":{"start":{"line":52,"column":33},"end":{"line":52,"column":58}},"line":52},"14":{"name":"(anonymous_14)","decl":{"start":{"line":53,"column":21},"end":{"line":53,"column":22}},"loc":{"start":{"line":53,"column":37},"end":{"line":53,"column":76}},"line":53},"15":{"name":"(anonymous_15)","decl":{"start":{"line":54,"column":25},"end":{"line":54,"column":26}},"loc":{"start":{"line":55,"column":4},"end":{"line":55,"column":51}},"line":55},"16":{"name":"(anonymous_16)","decl":{"start":{"line":65,"column":21},"end":{"line":65,"column":22}},"loc":{"start":{"line":66,"column":4},"end":{"line":66,"column":38}},"line":66},"17":{"name":"(anonymous_17)","decl":{"start":{"line":76,"column":20},"end":{"line":76,"column":21}},"loc":{"start":{"line":77,"column":4},"end":{"line":77,"column":38}},"line":77},"18":{"name":"(anonymous_18)","decl":{"start":{"line":82,"column":20},"end":{"line":82,"column":21}},"loc":{"start":{"line":82,"column":36},"end":{"line":82,"column":65}},"line":82},"19":{"name":"(anonymous_19)","decl":{"start":{"line":86,"column":18},"end":{"line":86,"column":19}},"loc":{"start":{"line":87,"column":4},"end":{"line":87,"column":36}},"line":87},"20":{"name":"(anonymous_20)","decl":{"start":{"line":91,"column":17},"end":{"line":91,"column":18}},"loc":{"start":{"line":92,"column":4},"end":{"line":92,"column":35}},"line":92},"21":{"name":"(anonymous_21)","decl":{"start":{"line":96,"column":17},"end":{"line":96,"column":18}},"loc":{"start":{"line":97,"column":4},"end":{"line":97,"column":35}},"line":97},"22":{"name":"(anonymous_22)","decl":{"start":{"line":102,"column":29},"end":{"line":102,"column":30}},"loc":{"start":{"line":103,"column":4},"end":{"line":103,"column":47}},"line":103}},"branchMap":{},"s":{"0":0,"1":0,"2":0,"3":0,"4":0,"5":0,"6":0,"7":0,"8":0,"9":0,"10":0,"11":0,"12":0,"13":0,"14":0,"15":0,"16":0,"17":0,"18":0,"19":0,"20":0,"21":0,"22":0,"23":0},"f":{"0":0,"1":0,"2":0,"3":0,"4":0,"5":0,"6":0,"7":0,"8":0,"9":0,"10":0,"11":0,"12":0,"13":0,"14":0,"15":0,"16":0,"17":0,"18":0,"19":0,"20":0,"21":0,"22":0},"b":{}}
,"/Users/personal/Code/BoltAI/boilerplates/saas/portal-mobile/lib/storage.ts": {"path":"/Users/personal/Code/BoltAI/boilerplates/saas/portal-mobile/lib/storage.ts","statementMap":{"0":{"start":{"line":6,"column":20},"end":{"line":6,"column":53}},"1":{"start":{"line":8,"column":41},"end":{"line":12,"column":1}},"2":{"start":{"line":9,"column":21},"end":{"line":9,"column":49}},"3":{"start":{"line":10,"column":28},"end":{"line":10,"column":49}},"4":{"start":{"line":11,"column":24},"end":{"line":11,"column":41}},"5":{"start":{"line":19,"column":31},"end":{"line":19,"column":57}},"6":{"start":{"line":22,"column":2},"end":{"line":22,"column":42}},"7":{"start":{"line":26,"column":2},"end":{"line":26,"column":56}},"8":{"start":{"line":30,"column":2},"end":{"line":30,"column":38}}},"fnMap":{"0":{"name":"(anonymous_0)","decl":{"start":{"line":9,"column":11},"end":{"line":9,"column":12}},"loc":{"start":{"line":9,"column":21},"end":{"line":9,"column":49}},"line":9},"1":{"name":"(anonymous_1)","decl":{"start":{"line":10,"column":11},"end":{"line":10,"column":12}},"loc":{"start":{"line":10,"column":28},"end":{"line":10,"column":49}},"line":10},"2":{"name":"(anonymous_2)","decl":{"start":{"line":11,"column":14},"end":{"line":11,"column":15}},"loc":{"start":{"line":11,"column":24},"end":{"line":11,"column":41}},"line":11},"3":{"name":"setPendingInvitationToken","decl":{"start":{"line":21,"column":16},"end":{"line":21,"column":41}},"loc":{"start":{"line":21,"column":63},"end":{"line":23,"column":1}},"line":21},"4":{"name":"getPendingInvitationToken","decl":{"start":{"line":25,"column":16},"end":{"line":25,"column":41}},"loc":{"start":{"line":25,"column":59},"end":{"line":27,"column":1}},"line":25},"5":{"name":"clearPendingInvitationToken","decl":{"start":{"line":29,"column":16},"end":{"line":29,"column":43}},"loc":{"start":{"line":29,"column":52},"end":{"line":31,"column":1}},"line":29}},"branchMap":{"0":{"loc":{"start":{"line":9,"column":21},"end":{"line":9,"column":49}},"type":"binary-expr","locations":[{"start":{"line":9,"column":21},"end":{"line":9,"column":41}},{"start":{"line":9,"column":45},"end":{"line":9,"column":49}}],"line":9},"1":{"loc":{"start":{"line":26,"column":9},"end":{"line":26,"column":55}},"type":"binary-expr","locations":[{"start":{"line":26,"column":9},"end":{"line":26,"column":47}},{"start":{"line":26,"column":51},"end":{"line":26,"column":55}}],"line":26}},"s":{"0":3,"1":3,"2":5,"3":40,"4":1,"5":3,"6":2,"7":3,"8":1},"f":{"0":5,"1":40,"2":1,"3":2,"4":3,"5":1},"b":{"0":[5,4],"1":[3,2]},"_coverageSchema":"1a1c01bbd47fc00a2c39e90264f33305004495a9","hash":"e3c9244260420e9b96ed9b6e803abb6fdf24e64f"}
,"/Users/personal/Code/BoltAI/boilerplates/saas/portal-mobile/lib/types.ts": {"path":"/Users/personal/Code/BoltAI/boilerplates/saas/portal-mobile/lib/types.ts","statementMap":{"0":{"start":{"line":53,"column":2},"end":{"line":53,"column":80}}},"fnMap":{"0":{"name":"isTwoFactorChallenge","decl":{"start":{"line":50,"column":16},"end":{"line":50,"column":36}},"loc":{"start":{"line":52,"column":42},"end":{"line":54,"column":1}},"line":52}},"branchMap":{"0":{"loc":{"start":{"line":53,"column":9},"end":{"line":53,"column":79}},"type":"binary-expr","locations":[{"start":{"line":53,"column":9},"end":{"line":53,"column":40}},{"start":{"line":53,"column":44},"end":{"line":53,"column":79}}],"line":53}},"s":{"0":0},"f":{"0":0},"b":{"0":[0,0]}}
,"/Users/personal/Code/BoltAI/boilerplates/saas/portal-mobile/lib/validations/auth.ts": {"path":"/Users/personal/Code/BoltAI/boilerplates/saas/portal-mobile/lib/validations/auth.ts","statementMap":{"0":{"start":{"line":7,"column":37},"end":{"line":12,"column":10}},"1":{"start":{"line":14,"column":27},"end":{"line":17,"column":2}},"2":{"start":{"line":21,"column":30},"end":{"line":34,"column":2}},"3":{"start":{"line":31,"column":35},"end":{"line":31,"column":45}},"4":{"start":{"line":38,"column":36},"end":{"line":40,"column":2}},"5":{"start":{"line":44,"column":35},"end":{"line":52,"column":2}},"6":{"start":{"line":56,"column":33},"end":{"line":58,"column":2}},"7":{"start":{"line":62,"column":40},"end":{"line":64,"column":2}},"8":{"start":{"line":68,"column":38},"end":{"line":70,"column":2}},"9":{"start":{"line":74,"column":31},"end":{"line":78,"column":2}},"10":{"start":{"line":82,"column":36},"end":{"line":85,"column":2}}},"fnMap":{"0":{"name":"(anonymous_0)","decl":{"start":{"line":31,"column":28},"end":{"line":31,"column":29}},"loc":{"start":{"line":31,"column":35},"end":{"line":31,"column":45}},"line":31}},"branchMap":{},"s":{"0":1,"1":1,"2":1,"3":8,"4":1,"5":1,"6":1,"7":1,"8":1,"9":1,"10":1},"f":{"0":8},"b":{},"_coverageSchema":"1a1c01bbd47fc00a2c39e90264f33305004495a9","hash":"22d556e467f32604ac7c50c787fb83f117311f1b"}
,"/Users/personal/Code/BoltAI/boilerplates/saas/portal-mobile/lib/validations/org.ts": {"path":"/Users/personal/Code/BoltAI/boilerplates/saas/portal-mobile/lib/validations/org.ts","statementMap":{"0":{"start":{"line":3,"column":34},"end":{"line":6,"column":2}},"1":{"start":{"line":10,"column":31},"end":{"line":12,"column":2}}},"fnMap":{},"branchMap":{},"s":{"0":0,"1":0},"f":{},"b":{}}
,"/Users/personal/Code/BoltAI/boilerplates/saas/portal-mobile/lib/validations/settings.ts": {"path":"/Users/personal/Code/BoltAI/boilerplates/saas/portal-mobile/lib/validations/settings.ts","statementMap":{"0":{"start":{"line":3,"column":35},"end":{"line":6,"column":2}},"1":{"start":{"line":10,"column":36},"end":{"line":18,"column":2}},"2":{"start":{"line":22,"column":35},"end":{"line":24,"column":2}},"3":{"start":{"line":28,"column":33},"end":{"line":31,"column":2}},"4":{"start":{"line":35,"column":36},"end":{"line":37,"column":2}}},"fnMap":{},"branchMap":{},"s":{"0":1,"1":1,"2":1,"3":1,"4":1},"f":{},"b":{},"_coverageSchema":"1a1c01bbd47fc00a2c39e90264f33305004495a9","hash":"e1e254011403280258fd50d882945d24dbfebe84"}
,"/Users/personal/Code/BoltAI/boilerplates/saas/portal-mobile/stores/auth-store.ts": {"path":"/Users/personal/Code/BoltAI/boilerplates/saas/portal-mobile/stores/auth-store.ts","statementMap":{"0":{"start":{"line":8,"column":25},"end":{"line":8,"column":44}},"1":{"start":{"line":9,"column":26},"end":{"line":9,"column":46}},"2":{"start":{"line":37,"column":28},"end":{"line":139,"column":1}},"3":{"start":{"line":39,"column":14},"end":{"line":128,"column":5}},"4":{"start":{"line":49,"column":8},"end":{"line":49,"column":70}},"5":{"start":{"line":50,"column":8},"end":{"line":50,"column":72}},"6":{"start":{"line":52,"column":8},"end":{"line":59,"column":11}},"7":{"start":{"line":63,"column":8},"end":{"line":63,"column":70}},"8":{"start":{"line":64,"column":8},"end":{"line":64,"column":72}},"9":{"start":{"line":65,"column":8},"end":{"line":65,"column":43}},"10":{"start":{"line":68,"column":25},"end":{"line":68,"column":38}},"11":{"start":{"line":70,"column":39},"end":{"line":70,"column":59}},"12":{"start":{"line":72,"column":40},"end":{"line":72,"column":76}},"13":{"start":{"line":76,"column":8},"end":{"line":83,"column":9}},"14":{"start":{"line":77,"column":10},"end":{"line":82,"column":13}},"15":{"start":{"line":78,"column":26},"end":{"line":81,"column":14}},"16":{"start":{"line":79,"column":14},"end":{"line":79,"column":22}},"17":{"start":{"line":80,"column":14},"end":{"line":80,"column":24}},"18":{"start":{"line":86,"column":28},"end":{"line":86,"column":76}},"19":{"start":{"line":87,"column":29},"end":{"line":87,"column":78}},"20":{"start":{"line":90,"column":25},"end":{"line":90,"column":48}},"21":{"start":{"line":91,"column":32},"end":{"line":91,"column":71}},"22":{"start":{"line":93,"column":8},"end":{"line":111,"column":9}},"23":{"start":{"line":95,"column":10},"end":{"line":103,"column":13}},"24":{"start":{"line":105,"column":10},"end":{"line":110,"column":13}},"25":{"start":{"line":115,"column":8},"end":{"line":115,"column":60}},"26":{"start":{"line":116,"column":8},"end":{"line":116,"column":61}},"27":{"start":{"line":119,"column":8},"end":{"line":126,"column":11}},"28":{"start":{"line":131,"column":39},"end":{"line":131,"column":50}},"29":{"start":{"line":132,"column":30},"end":{"line":136,"column":7}}},"fnMap":{"0":{"name":"(anonymous_0)","decl":{"start":{"line":39,"column":4},"end":{"line":39,"column":5}},"loc":{"start":{"line":39,"column":14},"end":{"line":128,"column":5}},"line":39},"1":{"name":"(anonymous_1)","decl":{"start":{"line":48,"column":15},"end":{"line":48,"column":16}},"loc":{"start":{"line":48,"column":84},"end":{"line":60,"column":7}},"line":48},"2":{"name":"(anonymous_2)","decl":{"start":{"line":62,"column":17},"end":{"line":62,"column":18}},"loc":{"start":{"line":62,"column":54},"end":{"line":66,"column":7}},"line":62},"3":{"name":"(anonymous_3)","decl":{"start":{"line":68,"column":15},"end":{"line":68,"column":16}},"loc":{"start":{"line":68,"column":25},"end":{"line":68,"column":38}},"line":68},"4":{"name":"(anonymous_4)","decl":{"start":{"line":70,"column":22},"end":{"line":70,"column":23}},"loc":{"start":{"line":70,"column":39},"end":{"line":70,"column":59}},"line":70},"5":{"name":"(anonymous_5)","decl":{"start":{"line":72,"column":29},"end":{"line":72,"column":30}},"loc":{"start":{"line":72,"column":40},"end":{"line":72,"column":76}},"line":72},"6":{"name":"(anonymous_6)","decl":{"start":{"line":74,"column":15},"end":{"line":74,"column":16}},"loc":{"start":{"line":74,"column":27},"end":{"line":112,"column":7}},"line":74},"7":{"name":"(anonymous_7)","decl":{"start":{"line":77,"column":34},"end":{"line":77,"column":35}},"loc":{"start":{"line":77,"column":47},"end":{"line":82,"column":11}},"line":77},"8":{"name":"(anonymous_8)","decl":{"start":{"line":78,"column":65},"end":{"line":78,"column":66}},"loc":{"start":{"line":78,"column":71},"end":{"line":81,"column":13}},"line":78},"9":{"name":"(anonymous_9)","decl":{"start":{"line":114,"column":14},"end":{"line":114,"column":15}},"loc":{"start":{"line":114,"column":26},"end":{"line":127,"column":7}},"line":114},"10":{"name":"(anonymous_10)","decl":{"start":{"line":131,"column":33},"end":{"line":131,"column":34}},"loc":{"start":{"line":131,"column":39},"end":{"line":131,"column":50}},"line":131},"11":{"name":"(anonymous_11)","decl":{"start":{"line":132,"column":18},"end":{"line":132,"column":19}},"loc":{"start":{"line":132,"column":30},"end":{"line":136,"column":7}},"line":132}},"branchMap":{"0":{"loc":{"start":{"line":76,"column":8},"end":{"line":83,"column":9}},"type":"if","locations":[{"start":{"line":76,"column":8},"end":{"line":83,"column":9}},{"start":{},"end":{}}],"line":76},"1":{"loc":{"start":{"line":91,"column":35},"end":{"line":91,"column":70}},"type":"binary-expr","locations":[{"start":{"line":91,"column":35},"end":{"line":91,"column":46}},{"start":{"line":91,"column":50},"end":{"line":91,"column":62}},{"start":{"line":91,"column":66},"end":{"line":91,"column":70}}],"line":91},"2":{"loc":{"start":{"line":93,"column":8},"end":{"line":111,"column":9}},"type":"if","locations":[{"start":{"line":93,"column":8},"end":{"line":111,"column":9}},{"start":{"line":104,"column":15},"end":{"line":111,"column":9}}],"line":93}},"s":{"0":1,"1":1,"2":1,"3":1,"4":3,"5":3,"6":3,"7":1,"8":1,"9":1,"10":1,"11":1,"12":1,"13":0,"14":0,"15":0,"16":0,"17":0,"18":0,"19":0,"20":0,"21":0,"22":0,"23":0,"24":0,"25":1,"26":1,"27":1,"28":1,"29":16},"f":{"0":1,"1":3,"2":1,"3":1,"4":1,"5":1,"6":0,"7":0,"8":0,"9":1,"10":1,"11":16},"b":{"0":[0,0],"1":[0,0,0],"2":[0,0]},"_coverageSchema":"1a1c01bbd47fc00a2c39e90264f33305004495a9","hash":"f11a25d3e50506cefce1a8aae7b51ffa293eea31"}
,"/Users/personal/Code/BoltAI/boilerplates/saas/portal-mobile/stores/ui-store.ts": {"path":"/Users/personal/Code/BoltAI/boilerplates/saas/portal-mobile/stores/ui-store.ts","statementMap":{"0":{"start":{"line":10,"column":40},"end":{"line":10,"column":58}},"1":{"start":{"line":11,"column":34},"end":{"line":11,"column":40}},"2":{"start":{"line":14,"column":2},"end":{"line":14,"column":38}},"3":{"start":{"line":24,"column":26},"end":{"line":57,"column":1}},"4":{"start":{"line":26,"column":19},"end":{"line":51,"column":5}},"5":{"start":{"line":30,"column":39},"end":{"line":30,"column":59}},"6":{"start":{"line":33,"column":8},"end":{"line":33,"column":60}},"7":{"start":{"line":33,"column":53},"end":{"line":33,"column":60}},"8":{"start":{"line":35,"column":28},"end":{"line":35,"column":42}},"9":{"start":{"line":36,"column":8},"end":{"line":36,"column":26}},"10":{"start":{"line":37,"column":8},"end":{"line":37,"column":41}},"11":{"start":{"line":40,"column":33},"end":{"line":40,"column":71}},"12":{"start":{"line":41,"column":8},"end":{"line":49,"column":9}},"13":{"start":{"line":42,"column":10},"end":{"line":42,"column":48}},"14":{"start":{"line":43,"column":10},"end":{"line":48,"column":12}},"15":{"start":{"line":54,"column":39},"end":{"line":54,"column":50}}},"fnMap":{"0":{"name":"isRtl","decl":{"start":{"line":13,"column":9},"end":{"line":13,"column":14}},"loc":{"start":{"line":13,"column":40},"end":{"line":15,"column":1}},"line":13},"1":{"name":"(anonymous_1)","decl":{"start":{"line":26,"column":4},"end":{"line":26,"column":5}},"loc":{"start":{"line":26,"column":19},"end":{"line":51,"column":5}},"line":26},"2":{"name":"(anonymous_2)","decl":{"start":{"line":30,"column":22},"end":{"line":30,"column":23}},"loc":{"start":{"line":30,"column":39},"end":{"line":30,"column":59}},"line":30},"3":{"name":"(anonymous_3)","decl":{"start":{"line":32,"column":19},"end":{"line":32,"column":20}},"loc":{"start":{"line":32,"column":33},"end":{"line":50,"column":7}},"line":32},"4":{"name":"(anonymous_4)","decl":{"start":{"line":54,"column":33},"end":{"line":54,"column":34}},"loc":{"start":{"line":54,"column":39},"end":{"line":54,"column":50}},"line":54}},"branchMap":{"0":{"loc":{"start":{"line":33,"column":8},"end":{"line":33,"column":60}},"type":"if","locations":[{"start":{"line":33,"column":8},"end":{"line":33,"column":60}},{"start":{},"end":{}}],"line":33},"1":{"loc":{"start":{"line":41,"column":8},"end":{"line":49,"column":9}},"type":"if","locations":[{"start":{"line":41,"column":8},"end":{"line":49,"column":9}},{"start":{},"end":{}}],"line":41},"2":{"loc":{"start":{"line":44,"column":12},"end":{"line":44,"column":67}},"type":"cond-expr","locations":[{"start":{"line":44,"column":30},"end":{"line":44,"column":46}},{"start":{"line":44,"column":49},"end":{"line":44,"column":67}}],"line":44},"3":{"loc":{"start":{"line":45,"column":12},"end":{"line":47,"column":65}},"type":"cond-expr","locations":[{"start":{"line":46,"column":16},"end":{"line":46,"column":60}},{"start":{"line":47,"column":16},"end":{"line":47,"column":65}}],"line":45}},"s":{"0":1,"1":1,"2":17,"3":1,"4":1,"5":4,"6":5,"7":1,"8":4,"9":4,"10":4,"11":4,"12":4,"13":2,"14":2,"15":1},"f":{"0":17,"1":1,"2":4,"3":5,"4":1},"b":{"0":[1,4],"1":[2,2],"2":[1,1],"3":[1,1]},"_coverageSchema":"1a1c01bbd47fc00a2c39e90264f33305004495a9","hash":"4ef73fbb45ff3ad56404088822200cbc45c86a3e"}
}
