TN:
SF:components/ui/Badge.tsx
FN:11,Badge
FNF:1
FNH:0
FNDA:0,Badge
DA:12,0
DA:15,0
DA:20,0
DA:24,0
DA:33,0
LF:5
LH:0
BRDA:11,0,0,0
BRDA:15,1,0,0
BRDA:15,1,1,0
BRDA:20,2,0,0
BRDA:20,2,1,0
BRF:5
BRH:0
end_of_record
TN:
SF:components/ui/Button.tsx
FN:24,getVariantStyles
FN:69,getSizeStyles
FN:89,Button
FN:106,(anonymous_3)
FNF:4
FNH:4
FNDA:10,getVariantStyles
FNDA:10,getSizeStyles
FNDA:10,Button
FNDA:10,(anonymous_3)
DA:28,10
DA:29,10
DA:35,10
DA:37,7
DA:42,0
DA:47,1
DA:52,1
DA:62,1
DA:70,10
DA:72,1
DA:77,8
DA:82,1
DA:98,10
DA:99,10
DA:100,10
DA:101,10
DA:103,10
DA:106,10
LF:18
LH:17
BRDA:35,0,0,7
BRDA:35,0,1,0
BRDA:35,0,2,1
BRDA:35,0,3,1
BRDA:35,0,4,1
BRDA:70,1,0,1
BRDA:70,1,1,8
BRDA:70,1,2,1
BRDA:90,2,0,7
BRDA:91,3,0,8
BRDA:92,4,0,8
BRDA:101,5,0,10
BRDA:101,5,1,9
BRDA:110,6,0,10
BRDA:110,6,1,3
BRDA:111,7,0,10
BRDA:111,7,1,10
BRDA:111,7,2,0
BRDA:112,8,0,0
BRDA:112,8,1,10
BRDA:115,9,0,9
BRDA:115,9,1,1
BRDA:119,10,0,2
BRDA:119,10,1,8
BRDA:121,11,0,8
BRDA:121,11,1,0
BRF:26
BRH:22
end_of_record
TN:
SF:components/ui/Card.tsx
FN:6,isTextContent
FN:13,Card
FN:35,CardHeader
FN:44,CardTitle
FN:56,CardDescription
FN:70,CardContent
FN:75,CardFooter
FNF:7
FNH:0
FNDA:0,isTextContent
FNDA:0,Card
FNDA:0,CardHeader
FNDA:0,CardTitle
FNDA:0,CardDescription
FNDA:0,CardContent
FNDA:0,CardFooter
DA:7,0
DA:8,0
DA:9,0
DA:10,0
DA:14,0
DA:16,0
DA:36,0
DA:37,0
DA:45,0
DA:57,0
DA:59,0
DA:71,0
DA:72,0
DA:76,0
DA:77,0
LF:15
LH:0
BRDA:7,0,0,0
BRDA:7,0,1,0
BRDA:7,1,0,0
BRDA:7,1,1,0
BRDA:8,2,0,0
BRDA:8,2,1,0
BRDA:8,3,0,0
BRDA:8,3,1,0
BRDA:9,4,0,0
BRDA:9,4,1,0
BRDA:45,5,0,0
BRDA:45,5,1,0
BRDA:59,6,0,0
BRDA:59,6,1,0
BRF:14
BRH:0
end_of_record
TN:
SF:components/ui/Input.tsx
FN:9,Input
FN:24,(anonymous_1)
FN:28,(anonymous_2)
FNF:3
FNH:0
FNDA:0,Input
FNDA:0,(anonymous_1)
FNDA:0,(anonymous_2)
DA:10,0
DA:11,0
DA:12,0
DA:14,0
DA:20,0
DA:25,0
DA:26,0
DA:29,0
DA:30,0
LF:9
LH:0
BRDA:14,0,0,0
BRDA:14,0,1,0
BRDA:16,1,0,0
BRDA:16,1,1,0
BRDA:43,2,0,0
BRDA:43,2,1,0
BRDA:48,3,0,0
BRDA:48,3,1,0
BRF:8
BRH:0
end_of_record
TN:
SF:components/ui/Label.tsx
FN:10,Label
FNF:1
FNH:0
FNDA:0,Label
DA:11,0
LF:1
LH:0
BRDA:12,0,0,0
BRDA:12,0,1,0
BRF:2
BRH:0
end_of_record
TN:
SF:components/ui/OptionSheet.tsx
FN:19,OptionSheet
FN:49,(anonymous_1)
FN:65,(anonymous_2)
FN:70,(anonymous_3)
FN:74,(anonymous_4)
FNF:5
FNH:0
FNDA:0,OptionSheet
FNDA:0,(anonymous_1)
FNDA:0,(anonymous_2)
FNDA:0,(anonymous_3)
FNDA:0,(anonymous_4)
DA:27,0
DA:28,0
DA:30,0
DA:49,0
DA:66,0
DA:67,0
DA:71,0
DA:72,0
DA:74,0
DA:114,0
LF:10
LH:0
BRDA:80,0,0,0
BRDA:80,0,1,0
BRDA:83,1,0,0
BRDA:83,1,1,0
BRDA:84,2,0,0
BRDA:84,2,1,0
BRDA:90,3,0,0
BRDA:90,3,1,0
BRDA:97,4,0,0
BRDA:97,4,1,0
BRF:10
BRH:0
end_of_record
TN:
SF:components/ui/Text.tsx
FN:11,Text
FNF:1
FNH:1
FNDA:8,Text
DA:12,8
DA:13,8
DA:15,8
LF:3
LH:3
BRDA:11,0,0,0
BRDA:19,1,0,8
BRDA:19,1,1,8
BRDA:23,2,0,8
BRDA:23,2,1,0
BRF:5
BRH:3
end_of_record
TN:
SF:hooks/use-countdown.ts
FN:13,useCountdown
FN:21,(anonymous_1)
FN:23,(anonymous_2)
FN:24,(anonymous_3)
FN:32,(anonymous_4)
FN:35,(anonymous_5)
FNF:6
FNH:6
FNDA:17,useCountdown
FNDA:12,(anonymous_1)
FNDA:9,(anonymous_2)
FNDA:9,(anonymous_3)
FNDA:7,(anonymous_4)
FNDA:2,(anonymous_5)
DA:17,17
DA:18,17
DA:19,17
DA:21,17
DA:22,12
DA:23,7
DA:24,9
DA:25,9
DA:26,2
DA:27,2
DA:29,7
DA:32,7
DA:35,17
DA:36,2
DA:37,2
DA:40,17
LF:16
LH:16
BRDA:15,0,0,16
BRDA:17,1,0,16
BRDA:19,2,0,17
BRDA:19,2,1,16
BRDA:22,3,0,5
BRDA:22,3,1,7
BRDA:25,4,0,2
BRDA:25,4,1,7
BRF:8
BRH:8
end_of_record
TN:
SF:hooks/use-push-notifications.ts
FN:15,(anonymous_0)
FN:24,usePushNotifications
FN:27,(anonymous_2)
FN:31,(anonymous_3)
FN:70,(anonymous_4)
FN:77,(anonymous_5)
FN:85,(anonymous_6)
FN:92,(anonymous_7)
FNF:8
FNH:0
FNDA:0,(anonymous_0)
FNDA:0,usePushNotifications
FNDA:0,(anonymous_2)
FNDA:0,(anonymous_3)
FNDA:0,(anonymous_4)
FNDA:0,(anonymous_5)
FNDA:0,(anonymous_6)
FNDA:0,(anonymous_7)
DA:14,0
DA:15,0
DA:25,0
DA:26,0
DA:27,0
DA:28,0
DA:29,0
DA:31,0
DA:32,0
DA:34,0
DA:35,0
DA:37,0
DA:38,0
DA:39,0
DA:42,0
DA:45,0
DA:46,0
DA:53,0
DA:54,0
DA:55,0
DA:57,0
DA:66,0
DA:70,0
DA:71,0
DA:73,0
DA:76,0
DA:78,0
DA:79,0
DA:84,0
DA:86,0
DA:87,0
DA:88,0
DA:92,0
DA:93,0
DA:94,0
LF:35
LH:0
BRDA:32,0,0,0
BRDA:32,0,1,0
BRDA:37,1,0,0
BRDA:37,1,1,0
BRDA:42,2,0,0
BRDA:42,2,1,0
BRDA:45,3,0,0
BRDA:45,3,1,0
BRDA:55,4,0,0
BRDA:55,4,1,0
BRDA:62,5,0,0
BRDA:62,5,1,0
BRDA:71,6,0,0
BRDA:71,6,1,0
BRF:14
BRH:0
end_of_record
TN:
SF:lib/api-client.ts
FN:9,isTokenExpired
FN:24,refreshTokens
FN:27,(anonymous_2)
FN:46,(anonymous_3)
FN:60,apiFetch
FN:98,toHeadersRecord
FN:102,(anonymous_6)
FN:113,makeAuthenticatedRequest
FN:146,apiPublicFetch
FNF:9
FNH:0
FNDA:0,isTokenExpired
FNDA:0,refreshTokens
FNDA:0,(anonymous_2)
FNDA:0,(anonymous_3)
FNDA:0,apiFetch
FNDA:0,toHeadersRecord
FNDA:0,(anonymous_6)
FNDA:0,makeAuthenticatedRequest
FNDA:0,apiPublicFetch
DA:5,0
DA:10,0
DA:11,0
DA:12,0
DA:14,0
DA:22,0
DA:25,0
DA:27,0
DA:28,0
DA:29,0
DA:30,0
DA:32,0
DA:38,0
DA:40,0
DA:41,0
DA:42,0
DA:44,0
DA:47,0
DA:50,0
DA:64,0
DA:65,0
DA:67,0
DA:68,0
DA:69,0
DA:73,0
DA:74,0
DA:75,0
DA:76,0
DA:77,0
DA:79,0
DA:82,0
DA:85,0
DA:86,0
DA:87,0
DA:88,0
DA:89,0
DA:92,0
DA:95,0
DA:99,0
DA:100,0
DA:101,0
DA:102,0
DA:103,0
DA:105,0
DA:107,0
DA:108,0
DA:110,0
DA:118,0
DA:119,0
DA:121,0
DA:127,0
DA:128,0
DA:131,0
DA:150,0
DA:152,0
LF:55
LH:0
BRDA:25,0,0,0
BRDA:25,0,1,0
BRDA:30,1,0,0
BRDA:30,1,1,0
BRDA:38,2,0,0
BRDA:38,2,1,0
BRDA:62,3,0,0
BRDA:67,4,0,0
BRDA:67,4,1,0
BRDA:73,5,0,0
BRDA:73,5,1,0
BRDA:75,6,0,0
BRDA:75,6,1,0
BRDA:85,7,0,0
BRDA:85,7,1,0
BRDA:87,8,0,0
BRDA:87,8,1,0
BRDA:99,9,0,0
BRDA:99,9,1,0
BRDA:100,10,0,0
BRDA:100,10,1,0
BRDA:107,11,0,0
BRDA:107,11,1,0
BRDA:127,12,0,0
BRDA:127,12,1,0
BRDA:148,13,0,0
BRF:26
BRH:0
end_of_record
TN:
SF:lib/api-error.ts
FN:8,extractApiError
FN:27,parseApiError
FN:31,(anonymous_2)
FN:39,toPaginated
FNF:4
FNH:4
FNDA:10,extractApiError
FNDA:3,parseApiError
FNDA:1,(anonymous_2)
FNDA:2,toPaginated
DA:12,10
DA:18,3
DA:21,7
DA:31,3
DA:32,3
DA:45,2
LF:6
LH:6
BRDA:10,0,0,4
BRDA:12,1,0,3
BRDA:12,1,1,7
BRDA:13,2,0,10
BRDA:13,2,1,5
BRDA:13,2,2,5
BRDA:13,2,3,4
BRF:7
BRH:7
end_of_record
TN:
SF:lib/auth-helpers.ts
FN:10,completeAuth
FN:24,(anonymous_1)
FN:46,refreshMemberships
FN:61,send2faOtp
FN:83,verify2faCode
FN:107,verifyRecoveryCode
FNF:6
FNH:0
FNDA:0,completeAuth
FNDA:0,(anonymous_1)
FNDA:0,refreshMemberships
FNDA:0,send2faOtp
FNDA:0,verify2faCode
FNDA:0,verifyRecoveryCode
DA:11,0
DA:12,0
DA:14,0
DA:15,0
DA:19,0
DA:20,0
DA:21,0
DA:22,0
DA:24,0
DA:25,0
DA:33,0
DA:47,0
DA:48,0
DA:49,0
DA:51,0
DA:52,0
DA:53,0
DA:66,0
DA:70,0
DA:75,0
DA:76,0
DA:77,0
DA:80,0
DA:87,0
DA:93,0
DA:98,0
DA:99,0
DA:100,0
DA:103,0
DA:104,0
DA:110,0
DA:115,0
DA:116,0
DA:117,0
DA:120,0
DA:121,0
LF:36
LH:0
BRDA:19,0,0,0
BRDA:19,0,1,0
BRDA:21,1,0,0
BRDA:21,1,1,0
BRDA:24,2,0,0
BRDA:24,2,1,0
BRDA:25,3,0,0
BRDA:25,3,1,0
BRDA:27,4,0,0
BRDA:27,4,1,0
BRDA:49,5,0,0
BRDA:49,5,1,0
BRDA:53,6,0,0
BRDA:53,6,1,0
BRDA:66,7,0,0
BRDA:66,7,1,0
BRDA:75,8,0,0
BRDA:75,8,1,0
BRDA:98,9,0,0
BRDA:98,9,1,0
BRDA:115,10,0,0
BRDA:115,10,1,0
BRF:22
BRH:0
end_of_record
TN:
SF:lib/config.ts
FN:3,getApiUrl
FNF:1
FNH:0
FNDA:0,getApiUrl
DA:4,0
DA:5,0
DA:8,0
DA:9,0
DA:10,0
DA:13,0
DA:16,0
LF:7
LH:0
BRDA:5,0,0,0
BRDA:5,0,1,0
BRDA:8,1,0,0
BRDA:8,1,1,0
BRDA:9,2,0,0
BRDA:9,2,1,0
BRF:6
BRH:0
end_of_record
TN:
SF:lib/format.ts
FN:5,getInitials
FN:17,formatRelativeTime
FNF:2
FNH:2
FNDA:8,getInitials
FNDA:8,formatRelativeTime
DA:9,8
DA:10,8
DA:11,8
DA:18,8
DA:19,8
DA:20,8
DA:21,7
DA:22,5
DA:23,5
DA:24,3
DA:25,3
DA:26,2
DA:27,2
DA:28,1
LF:14
LH:14
BRDA:9,0,0,8
BRDA:9,0,1,3
BRDA:10,1,0,8
BRDA:10,1,1,3
BRDA:11,2,0,8
BRDA:11,2,1,3
BRDA:20,3,0,1
BRDA:20,3,1,7
BRDA:21,4,0,2
BRDA:21,4,1,5
BRDA:23,5,0,2
BRDA:23,5,1,3
BRDA:25,6,0,1
BRDA:25,6,1,2
BRDA:27,7,0,1
BRDA:27,7,1,1
BRF:16
BRH:16
end_of_record
TN:
SF:lib/permissions.ts
FN:30,isPlatformUser
FN:35,hasPermission
FN:42,hasAnyPermission
FN:46,(anonymous_3)
FN:61,meetsOrgHierarchy
FNF:5
FNH:5
FNDA:7,isPlatformUser
FNDA:5,hasPermission
FNDA:4,hasAnyPermission
FNDA:4,(anonymous_3)
FNDA:6,meetsOrgHierarchy
DA:1,1
DA:19,1
DA:31,7
DA:32,4
DA:39,5
DA:46,4
DA:52,1
DA:65,6
DA:66,4
LF:9
LH:9
BRDA:31,0,0,3
BRDA:31,0,1,4
BRDA:39,1,0,5
BRDA:39,1,1,2
BRDA:65,2,0,2
BRDA:65,2,1,4
BRF:6
BRH:6
end_of_record
TN:
SF:lib/query-keys.ts
FN:8,(anonymous_0)
FN:13,(anonymous_1)
FN:15,(anonymous_2)
FN:18,(anonymous_3)
FN:19,(anonymous_4)
FN:22,(anonymous_5)
FN:29,(anonymous_6)
FN:31,(anonymous_7)
FN:38,(anonymous_8)
FN:43,(anonymous_9)
FN:45,(anonymous_10)
FN:46,(anonymous_11)
FN:50,(anonymous_12)
FN:52,(anonymous_13)
FN:53,(anonymous_14)
FN:54,(anonymous_15)
FN:65,(anonymous_16)
FN:76,(anonymous_17)
FN:82,(anonymous_18)
FN:86,(anonymous_19)
FN:91,(anonymous_20)
FN:96,(anonymous_21)
FN:102,(anonymous_22)
FNF:23
FNH:0
FNDA:0,(anonymous_0)
FNDA:0,(anonymous_1)
FNDA:0,(anonymous_2)
FNDA:0,(anonymous_3)
FNDA:0,(anonymous_4)
FNDA:0,(anonymous_5)
FNDA:0,(anonymous_6)
FNDA:0,(anonymous_7)
FNDA:0,(anonymous_8)
FNDA:0,(anonymous_9)
FNDA:0,(anonymous_10)
FNDA:0,(anonymous_11)
FNDA:0,(anonymous_12)
FNDA:0,(anonymous_13)
FNDA:0,(anonymous_14)
FNDA:0,(anonymous_15)
FNDA:0,(anonymous_16)
FNDA:0,(anonymous_17)
FNDA:0,(anonymous_18)
FNDA:0,(anonymous_19)
FNDA:0,(anonymous_20)
FNDA:0,(anonymous_21)
FNDA:0,(anonymous_22)
DA:1,0
DA:9,0
DA:14,0
DA:15,0
DA:18,0
DA:20,0
DA:23,0
DA:30,0
DA:31,0
DA:39,0
DA:44,0
DA:45,0
DA:46,0
DA:51,0
DA:52,0
DA:53,0
DA:55,0
DA:66,0
DA:77,0
DA:82,0
DA:87,0
DA:92,0
DA:97,0
DA:103,0
LF:24
LH:0
BRF:0
BRH:0
end_of_record
TN:
SF:lib/storage.ts
FN:9,(anonymous_0)
FN:10,(anonymous_1)
FN:11,(anonymous_2)
FN:21,setPendingInvitationToken
FN:25,getPendingInvitationToken
FN:29,clearPendingInvitationToken
FNF:6
FNH:6
FNDA:5,(anonymous_0)
FNDA:40,(anonymous_1)
FNDA:1,(anonymous_2)
FNDA:2,setPendingInvitationToken
FNDA:3,getPendingInvitationToken
FNDA:1,clearPendingInvitationToken
DA:6,3
DA:8,3
DA:9,5
DA:10,40
DA:11,1
DA:19,3
DA:22,2
DA:26,3
DA:30,1
LF:9
LH:9
BRDA:9,0,0,5
BRDA:9,0,1,4
BRDA:26,1,0,3
BRDA:26,1,1,2
BRF:4
BRH:4
end_of_record
TN:
SF:lib/types.ts
FN:50,isTwoFactorChallenge
FNF:1
FNH:0
FNDA:0,isTwoFactorChallenge
DA:53,0
LF:1
LH:0
BRDA:53,0,0,0
BRDA:53,0,1,0
BRF:2
BRH:0
end_of_record
TN:
SF:lib/validations/auth.ts
FN:31,(anonymous_0)
FNF:1
FNH:1
FNDA:8,(anonymous_0)
DA:7,1
DA:14,1
DA:21,1
DA:31,8
DA:38,1
DA:44,1
DA:56,1
DA:62,1
DA:68,1
DA:74,1
DA:82,1
LF:11
LH:11
BRF:0
BRH:0
end_of_record
TN:
SF:lib/validations/org.ts
FNF:0
FNH:0
DA:3,0
DA:10,0
LF:2
LH:0
BRF:0
BRH:0
end_of_record
TN:
SF:lib/validations/settings.ts
FNF:0
FNH:0
DA:3,1
DA:10,1
DA:22,1
DA:28,1
DA:35,1
LF:5
LH:5
BRF:0
BRH:0
end_of_record
TN:
SF:stores/auth-store.ts
FN:39,(anonymous_0)
FN:48,(anonymous_1)
FN:62,(anonymous_2)
FN:68,(anonymous_3)
FN:70,(anonymous_4)
FN:72,(anonymous_5)
FN:74,(anonymous_6)
FN:77,(anonymous_7)
FN:78,(anonymous_8)
FN:114,(anonymous_9)
FN:131,(anonymous_10)
FN:132,(anonymous_11)
FNF:12
FNH:9
FNDA:1,(anonymous_0)
FNDA:3,(anonymous_1)
FNDA:1,(anonymous_2)
FNDA:1,(anonymous_3)
FNDA:1,(anonymous_4)
FNDA:1,(anonymous_5)
FNDA:0,(anonymous_6)
FNDA:0,(anonymous_7)
FNDA:0,(anonymous_8)
FNDA:1,(anonymous_9)
FNDA:1,(anonymous_10)
FNDA:16,(anonymous_11)
DA:8,1
DA:9,1
DA:37,1
DA:39,1
DA:49,3
DA:50,3
DA:52,3
DA:63,1
DA:64,1
DA:65,1
DA:68,1
DA:70,1
DA:72,1
DA:76,0
DA:77,0
DA:78,0
DA:79,0
DA:80,0
DA:86,0
DA:87,0
DA:90,0
DA:91,0
DA:93,0
DA:95,0
DA:105,0
DA:115,1
DA:116,1
DA:119,1
DA:131,1
DA:132,16
LF:30
LH:18
BRDA:76,0,0,0
BRDA:76,0,1,0
BRDA:91,1,0,0
BRDA:91,1,1,0
BRDA:91,1,2,0
BRDA:93,2,0,0
BRDA:93,2,1,0
BRF:7
BRH:0
end_of_record
TN:
SF:stores/ui-store.ts
FN:13,isRtl
FN:26,(anonymous_1)
FN:30,(anonymous_2)
FN:32,(anonymous_3)
FN:54,(anonymous_4)
FNF:5
FNH:5
FNDA:17,isRtl
FNDA:1,(anonymous_1)
FNDA:4,(anonymous_2)
FNDA:5,(anonymous_3)
FNDA:1,(anonymous_4)
DA:10,1
DA:11,1
DA:14,17
DA:24,1
DA:26,1
DA:30,4
DA:33,5
DA:35,4
DA:36,4
DA:37,4
DA:40,4
DA:41,4
DA:42,2
DA:43,2
DA:54,1
LF:15
LH:15
BRDA:33,0,0,1
BRDA:33,0,1,4
BRDA:41,1,0,2
BRDA:41,1,1,2
BRDA:44,2,0,1
BRDA:44,2,1,1
BRDA:45,3,0,1
BRDA:45,3,1,1
BRF:8
BRH:8
end_of_record
